#
# There is insufficient memory for the Java Runtime Environment to continue.
# Native memory allocation (malloc) failed to allocate 32744 bytes for ChunkPool::allocate
# Possible reasons:
#   The system is out of physical RAM or swap space
#   The process is running with CompressedOops enabled, and the Java Heap may be blocking the growth of the native heap
# Possible solutions:
#   Reduce memory load on the system
#   Increase physical memory or swap space
#   Check if swap backing store is full
#   Decrease Java heap size (-Xmx/-Xms)
#   Decrease number of Java threads
#   Decrease Java thread stack sizes (-Xss)
#   Set larger code cache with -XX:ReservedCodeCacheSize=
#   JVM is running with Unscaled Compressed Oops mode in which the Java heap is
#     placed in the first 4GB address space. The Java Heap base address is the
#     maximum limit for the native heap growth. Please use -XX:HeapBaseMinAddress
#     to set the Java Heap base and to place the Java Heap above 4GB virtual address.
# This output file may be truncated or incomplete.
#
#  Out of Memory Error (allocation.cpp:272), pid=16548, tid=0x0000000000003940
#
# JRE version: OpenJDK Runtime Environment (8.0) (build 1.8.0-25-microsoft-b00)
# Java VM: OpenJDK 64-Bit Server VM (25.71-b00 mixed mode windows-amd64 compressed oops)
# Failed to write core dump. Minidumps are not enabled by default on client versions of Windows
#

---------------  T H R E A D  ---------------

Current thread (0x00000000170fa000):  JavaThread "C2 CompilerThread0" daemon [_thread_in_native, id=14656, stack(0x00000000179d0000,0x0000000017ad0000)]

Stack: [0x00000000179d0000,0x0000000017ad0000]
[error occurred during error reporting (printing stack bounds), id 0xc0000005]

Native frames: (J=compiled Java code, j=interpreted, Vv=VM code, C=native code)


Current CompileTask:
C2:   1335 1217       4       com.android.tools.r8.t.a.a.f::a (4166 bytes)


---------------  P R O C E S S  ---------------

Java Threads: ( => current thread )
  0x000000001892d800 JavaThread "ForkJoinPool-1-worker-0" daemon [_thread_in_Java, id=19028, stack(0x0000000019aa0000,0x0000000019ba0000)]
  0x000000001892d000 JavaThread "ForkJoinPool-1-worker-3" daemon [_thread_in_Java, id=43352, stack(0x00000000199a0000,0x0000000019aa0000)]
  0x000000001892a000 JavaThread "ForkJoinPool-1-worker-2" daemon [_thread_in_Java, id=23344, stack(0x00000000198a0000,0x00000000199a0000)]
  0x000000001746e800 JavaThread "ForkJoinPool-1-worker-1" daemon [_thread_in_Java, id=38516, stack(0x00000000197a0000,0x00000000198a0000)]
  0x0000000017177000 JavaThread "Service Thread" daemon [_thread_blocked, id=27840, stack(0x0000000017dd0000,0x0000000017ed0000)]
  0x0000000017138800 JavaThread "C1 CompilerThread3" daemon [_thread_in_native, id=54496, stack(0x0000000017cd0000,0x0000000017dd0000)]
  0x0000000017108800 JavaThread "C2 CompilerThread2" daemon [_thread_in_vm, id=25752, stack(0x0000000017bd0000,0x0000000017cd0000)]
  0x00000000170fb800 JavaThread "C2 CompilerThread1" daemon [_thread_in_native, id=21632, stack(0x0000000017ad0000,0x0000000017bd0000)]
=>0x00000000170fa000 JavaThread "C2 CompilerThread0" daemon [_thread_in_native, id=14656, stack(0x00000000179d0000,0x0000000017ad0000)]
  0x00000000170f9000 JavaThread "Attach Listener" daemon [_thread_blocked, id=10212, stack(0x00000000178d0000,0x00000000179d0000)]
  0x00000000170f8000 JavaThread "Signal Dispatcher" daemon [_thread_blocked, id=26732, stack(0x00000000177d0000,0x00000000178d0000)]
  0x00000000152f2800 JavaThread "Finalizer" daemon [_thread_blocked, id=52200, stack(0x00000000175d0000,0x00000000176d0000)]
  0x00000000152eb800 JavaThread "Reference Handler" daemon [_thread_blocked, id=51004, stack(0x00000000174d0000,0x00000000175d0000)]
  0x00000000026d2800 JavaThread "main" [_thread_blocked, id=26528, stack(0x0000000002530000,0x0000000002630000)]

Other Threads:
  0x00000000152e7800 VMThread [stack: 0x0000000016fd0000,0x00000000170d0000] [id=20816]
  0x0000000017177800 WatcherThread [stack: 0x0000000017ed0000,0x0000000017fd0000] [id=18764]

VM state:not at safepoint (normal execution)

VM Mutex/Monitor currently owned by a thread: None

heap address: 0x00000000c0000000, size: 1024 MB, Compressed Oops mode: 32-bit
Narrow klass base: 0x0000000000000000, Narrow klass shift: 3
Compressed class space size: 1073741824 Address: 0x0000000100000000

Heap:
 PSYoungGen      total 152576K, used 26038K [0x00000000eab00000, 0x00000000f5500000, 0x0000000100000000)
  eden space 131072K, 3% used [0x00000000eab00000,0x00000000eaf70948,0x00000000f2b00000)
  from space 21504K, 99% used [0x00000000f4000000,0x00000000f54fd060,0x00000000f5500000)
  to   space 21504K, 0% used [0x00000000f2b00000,0x00000000f2b00000,0x00000000f4000000)
 ParOldGen       total 348160K, used 24099K [0x00000000c0000000, 0x00000000d5400000, 0x00000000eab00000)
  object space 348160K, 6% used [0x00000000c0000000,0x00000000c1788ec8,0x00000000d5400000)
 Metaspace       used 13935K, capacity 14748K, committed 15104K, reserved 1062912K
  class space    used 1759K, capacity 1950K, committed 2048K, reserved 1048576K

Card table byte_map: [0x0000000011b90000,0x0000000011da0000] byte_map_base: 0x0000000011590000

Marking Bits: (ParMarkBitMap*) 0x0000000057cb8f30
 Begin Bits: [0x0000000012700000, 0x0000000013700000)
 End Bits:   [0x0000000013700000, 0x0000000014700000)

Polling page: 0x00000000003f0000

CodeCache: size=245760Kb used=7812Kb max_used=7812Kb free=237947Kb
 bounds [0x00000000027d0000, 0x0000000002f80000, 0x00000000117d0000]
 total_blobs=2949 nmethods=2606 adapters=256
 compilation: enabled

Compilation events (10 events):
Event: 1.333 Thread 0x0000000017138800 2644       3       com.android.tools.r8.t.a.a.s::<init> (5 bytes)
Event: 1.333 Thread 0x0000000017138800 nmethod 2644 0x0000000002f72ad0 code [0x0000000002f72c20, 0x0000000002f72dd0]
Event: 1.333 Thread 0x0000000017138800 2645       3       com.android.tools.r8.t.a.a.G.t::a (13 bytes)
Event: 1.334 Thread 0x0000000017138800 nmethod 2645 0x0000000002f72e90 code [0x0000000002f73040, 0x0000000002f73668]
Event: 1.334 Thread 0x0000000017138800 2630       3       com.android.tools.r8.ir.analysis.g.a::a (2 bytes)
Event: 1.334 Thread 0x0000000017138800 nmethod 2630 0x0000000002f6f050 code [0x0000000002f6f1a0, 0x0000000002f6f2f0]
Event: 1.334 Thread 0x0000000017138800 2647       3       com.android.tools.r8.t.a.a.G.t::b (21 bytes)
Event: 1.334 Thread 0x0000000017138800 nmethod 2647 0x0000000002f73910 code [0x0000000002f73ac0, 0x0000000002f742a8]
Event: 1.334 Thread 0x0000000017138800 2623       3       com.android.tools.r8.ir.regalloc.LinearScanRegisterAllocator::a (23 bytes)
Event: 1.334 Thread 0x0000000017138800 nmethod 2623 0x0000000002f746d0 code [0x0000000002f74860, 0x0000000002f74b08]

GC Heap History (4 events):
Event: 0.707 GC heap before
{Heap before GC invocations=1 (full 0):
 PSYoungGen      total 152576K, used 131072K [0x00000000eab00000, 0x00000000f5500000, 0x0000000100000000)
  eden space 131072K, 100% used [0x00000000eab00000,0x00000000f2b00000,0x00000000f2b00000)
  from space 21504K, 0% used [0x00000000f4000000,0x00000000f4000000,0x00000000f5500000)
  to   space 21504K, 0% used [0x00000000f2b00000,0x00000000f2b00000,0x00000000f4000000)
 ParOldGen       total 348160K, used 0K [0x00000000c0000000, 0x00000000d5400000, 0x00000000eab00000)
  object space 348160K, 0% used [0x00000000c0000000,0x00000000c0000000,0x00000000d5400000)
 Metaspace       used 8630K, capacity 8990K, committed 9344K, reserved 1056768K
  class space    used 958K, capacity 1053K, committed 1152K, reserved 1048576K
Event: 0.730 GC heap after
Heap after GC invocations=1 (full 0):
 PSYoungGen      total 152576K, used 21494K [0x00000000eab00000, 0x00000000f5500000, 0x0000000100000000)
  eden space 131072K, 0% used [0x00000000eab00000,0x00000000eab00000,0x00000000f2b00000)
  from space 21504K, 99% used [0x00000000f2b00000,0x00000000f3ffd800,0x00000000f4000000)
  to   space 21504K, 0% used [0x00000000f4000000,0x00000000f4000000,0x00000000f5500000)
 ParOldGen       total 348160K, used 11146K [0x00000000c0000000, 0x00000000d5400000, 0x00000000eab00000)
  object space 348160K, 3% used [0x00000000c0000000,0x00000000c0ae2888,0x00000000d5400000)
 Metaspace       used 8630K, capacity 8990K, committed 9344K, reserved 1056768K
  class space    used 958K, capacity 1053K, committed 1152K, reserved 1048576K
}
Event: 1.298 GC heap before
{Heap before GC invocations=2 (full 0):
 PSYoungGen      total 152576K, used 152566K [0x00000000eab00000, 0x00000000f5500000, 0x0000000100000000)
  eden space 131072K, 100% used [0x00000000eab00000,0x00000000f2b00000,0x00000000f2b00000)
  from space 21504K, 99% used [0x00000000f2b00000,0x00000000f3ffd800,0x00000000f4000000)
  to   space 21504K, 0% used [0x00000000f4000000,0x00000000f4000000,0x00000000f5500000)
 ParOldGen       total 348160K, used 11146K [0x00000000c0000000, 0x00000000d5400000, 0x00000000eab00000)
  object space 348160K, 3% used [0x00000000c0000000,0x00000000c0ae2888,0x00000000d5400000)
 Metaspace       used 13925K, capacity 14748K, committed 15104K, reserved 1062912K
  class space    used 1759K, capacity 1950K, committed 2048K, reserved 1048576K
Event: 1.327 GC heap after
Heap after GC invocations=2 (full 0):
 PSYoungGen      total 152576K, used 21492K [0x00000000eab00000, 0x00000000f5500000, 0x0000000100000000)
  eden space 131072K, 0% used [0x00000000eab00000,0x00000000eab00000,0x00000000f2b00000)
  from space 21504K, 99% used [0x00000000f4000000,0x00000000f54fd060,0x00000000f5500000)
  to   space 21504K, 0% used [0x00000000f2b00000,0x00000000f2b00000,0x00000000f4000000)
 ParOldGen       total 348160K, used 24099K [0x00000000c0000000, 0x00000000d5400000, 0x00000000eab00000)
  object space 348160K, 6% used [0x00000000c0000000,0x00000000c1788ec8,0x00000000d5400000)
 Metaspace       used 13925K, capacity 14748K, committed 15104K, reserved 1062912K
  class space    used 1759K, capacity 1950K, committed 2048K, reserved 1048576K
}

Deoptimization events (10 events):
Event: 1.167 Thread 0x000000001746e800 Uncommon trap: reason=unstable_if action=reinterpret pc=0x0000000002b2303c method=com.android.tools.r8.t.a.a.f.e(I[C)Ljava/lang/String; @ 7
Event: 1.223 Thread 0x000000001892d800 Uncommon trap: reason=bimorphic action=maybe_recompile pc=0x0000000002ea5150 method=com.android.tools.r8.ir.regalloc.LinearScanRegisterAllocator.getRegisterForValue(Lcom/android/tools/r8/ir/code/Value;I)I @ 1
Event: 1.223 Thread 0x000000001892d800 Uncommon trap: reason=bimorphic action=maybe_recompile pc=0x0000000002ea5150 method=com.android.tools.r8.ir.regalloc.LinearScanRegisterAllocator.getRegisterForValue(Lcom/android/tools/r8/ir/code/Value;I)I @ 1
Event: 1.223 Thread 0x000000001892d800 Uncommon trap: reason=bimorphic action=maybe_recompile pc=0x0000000002ea5150 method=com.android.tools.r8.ir.regalloc.LinearScanRegisterAllocator.getRegisterForValue(Lcom/android/tools/r8/ir/code/Value;I)I @ 1
Event: 1.223 Thread 0x000000001892d800 Uncommon trap: reason=bimorphic action=maybe_recompile pc=0x0000000002ea5150 method=com.android.tools.r8.ir.regalloc.LinearScanRegisterAllocator.getRegisterForValue(Lcom/android/tools/r8/ir/code/Value;I)I @ 1
Event: 1.253 Thread 0x000000001892d000 Uncommon trap: reason=unstable_if action=reinterpret pc=0x0000000002ef7fa0 method=com.android.tools.r8.ir.regalloc.LiveIntervals.p()Z @ 9
Event: 1.269 Thread 0x000000001892d800 Uncommon trap: reason=bimorphic action=maybe_recompile pc=0x0000000002eb844c method=java.util.Collections$UnmodifiableCollection$1.next()Ljava/lang/Object; @ 4
Event: 1.269 Thread 0x000000001892d800 Uncommon trap: reason=bimorphic action=maybe_recompile pc=0x0000000002eb844c method=java.util.Collections$UnmodifiableCollection$1.next()Ljava/lang/Object; @ 4
Event: 1.269 Thread 0x000000001892d800 Uncommon trap: reason=bimorphic action=maybe_recompile pc=0x0000000002eb844c method=java.util.Collections$UnmodifiableCollection$1.next()Ljava/lang/Object; @ 4
Event: 1.269 Thread 0x000000001892d800 Uncommon trap: reason=bimorphic action=maybe_recompile pc=0x0000000002eb844c method=java.util.Collections$UnmodifiableCollection$1.next()Ljava/lang/Object; @ 4

Classes redefined (0 events):
No events

Internal exceptions (10 events):
Event: 0.449 Thread 0x00000000026d2800 Implicit null exception at 0x0000000002a0ee38 to 0x0000000002a0f2fd
Event: 0.907 Thread 0x000000001892d000 Implicit null exception at 0x0000000002c03594 to 0x0000000002c057f5
Event: 0.966 Thread 0x000000001892d800 Exception <a 'java/lang/NoSuchMethodError': java.lang.Object.lambda$comparingInt$7b0bb60$1(Ljava/util/function/ToIntFunction;Ljava/lang/Object;Ljava/lang/Object;)I> (0x00000000ef0eea38) thrown at [D:\j\worksp~1\openjd~3\jdk8u\hotspot\src\share\vm\interpre
Event: 0.966 Thread 0x000000001746e800 Exception <a 'java/lang/NoSuchMethodError': java.lang.Object.lambda$comparingInt$7b0bb60$1(Ljava/util/function/ToIntFunction;Ljava/lang/Object;Ljava/lang/Object;)I> (0x00000000ef7d5398) thrown at [D:\j\worksp~1\openjd~3\jdk8u\hotspot\src\share\vm\interpre
Event: 0.966 Thread 0x000000001892a000 Exception <a 'java/lang/NoSuchMethodError': java.lang.Object.lambda$comparingInt$7b0bb60$1(Ljava/util/function/ToIntFunction;Ljava/lang/Object;Ljava/lang/Object;)I> (0x00000000ef8fba40) thrown at [D:\j\worksp~1\openjd~3\jdk8u\hotspot\src\share\vm\interpre
Event: 0.967 Thread 0x000000001892a000 Exception <a 'java/lang/NoSuchMethodError': java.lang.Object.lambda$maxBy$1(Ljava/util/Comparator;Ljava/lang/Object;Ljava/lang/Object;)Ljava/lang/Object;> (0x00000000ef9075d0) thrown at [D:\j\worksp~1\openjd~3\jdk8u\hotspot\src\share\vm\interpreter\linkRe
Event: 0.967 Thread 0x000000001746e800 Exception <a 'java/lang/NoSuchMethodError': java.lang.Object.lambda$maxBy$1(Ljava/util/Comparator;Ljava/lang/Object;Ljava/lang/Object;)Ljava/lang/Object;> (0x00000000ef7e0c78) thrown at [D:\j\worksp~1\openjd~3\jdk8u\hotspot\src\share\vm\interpreter\linkRe
Event: 0.967 Thread 0x000000001892d800 Exception <a 'java/lang/NoSuchMethodError': java.lang.Object.lambda$maxBy$1(Ljava/util/Comparator;Ljava/lang/Object;Ljava/lang/Object;)Ljava/lang/Object;> (0x00000000ef0f5c98) thrown at [D:\j\worksp~1\openjd~3\jdk8u\hotspot\src\share\vm\interpreter\linkRe
Event: 0.967 Thread 0x000000001892d000 Exception <a 'java/lang/NoSuchMethodError': java.lang.Object.lambda$maxBy$1(Ljava/util/Comparator;Ljava/lang/Object;Ljava/lang/Object;)Ljava/lang/Object;> (0x00000000ef9e3b18) thrown at [D:\j\worksp~1\openjd~3\jdk8u\hotspot\src\share\vm\interpreter\linkRe
Event: 1.005 Thread 0x000000001892d000 Implicit null exception at 0x0000000002c0946c to 0x0000000002c096a9

Events (10 events):
Event: 1.269 Thread 0x000000001892d800 DEOPT PACKING pc=0x0000000002eb844c sp=0x0000000019b9ea10
Event: 1.269 Thread 0x000000001892d800 DEOPT UNPACKING pc=0x000000000281557b sp=0x0000000019b9e9c8 mode 2
Event: 1.269 Thread 0x000000001892d800 Uncommon trap: trap_request=0xffffffc6 fr.pc=0x0000000002eb844c
Event: 1.269 Thread 0x000000001892d800 DEOPT PACKING pc=0x0000000002eb844c sp=0x0000000019b9ea10
Event: 1.269 Thread 0x000000001892d800 DEOPT UNPACKING pc=0x000000000281557b sp=0x0000000019b9e9c8 mode 2
Event: 1.269 Thread 0x000000001892d800 Uncommon trap: trap_request=0xffffffc6 fr.pc=0x0000000002eb844c
Event: 1.269 Thread 0x000000001892d800 DEOPT PACKING pc=0x0000000002eb844c sp=0x0000000019b9ea10
Event: 1.269 Thread 0x000000001892d800 DEOPT UNPACKING pc=0x000000000281557b sp=0x0000000019b9e9c8 mode 2
Event: 1.298 Executing VM operation: ParallelGCFailedAllocation
Event: 1.327 Executing VM operation: ParallelGCFailedAllocation done


Dynamic libraries:
0x00007ff7c8730000 - 0x00007ff7c8765000 	C:\Program Files\Android\Jdk\microsoft_dist_openjdk_1.8.0.25\bin\java.exe
0x00007ffa86440000 - 0x00007ffa86630000 	C:\WINDOWS\SYSTEM32\ntdll.dll
0x00007ffa85960000 - 0x00007ffa85a12000 	C:\WINDOWS\System32\KERNEL32.DLL
0x00007ffa83ee0000 - 0x00007ffa84184000 	C:\WINDOWS\System32\KERNELBASE.dll
0x00007ffa84680000 - 0x00007ffa84723000 	C:\WINDOWS\System32\ADVAPI32.dll
0x00007ffa84e90000 - 0x00007ffa84f2e000 	C:\WINDOWS\System32\msvcrt.dll
0x00007ffa86040000 - 0x00007ffa860d7000 	C:\WINDOWS\System32\sechost.dll
0x00007ffa86230000 - 0x00007ffa86350000 	C:\WINDOWS\System32\RPCRT4.dll
0x00007ffa85740000 - 0x00007ffa858d4000 	C:\WINDOWS\System32\USER32.dll
0x00007ffa84190000 - 0x00007ffa841b1000 	C:\WINDOWS\System32\win32u.dll
0x00007ffa85150000 - 0x00007ffa85176000 	C:\WINDOWS\System32\GDI32.dll
0x00007ffa83b50000 - 0x00007ffa83ce4000 	C:\WINDOWS\System32\gdi32full.dll
0x00007ffa83e40000 - 0x00007ffa83ede000 	C:\WINDOWS\System32\msvcp_win.dll
0x00007ffa842d0000 - 0x00007ffa843ca000 	C:\WINDOWS\System32\ucrtbase.dll
0x00007ffa75680000 - 0x00007ffa75904000 	C:\WINDOWS\WinSxS\amd64_microsoft.windows.common-controls_6595b64144ccf1df_6.0.18362.836_none_e6c4b943130f18ed\COMCTL32.dll
0x00007ffa85ca0000 - 0x00007ffa85fd6000 	C:\WINDOWS\System32\combase.dll
0x00007ffa843d0000 - 0x00007ffa84450000 	C:\WINDOWS\System32\bcryptPrimitives.dll
0x00007ffa850a0000 - 0x00007ffa850ce000 	C:\WINDOWS\System32\IMM32.DLL
0x00000000587e0000 - 0x00000000588b1000 	C:\Program Files\Android\Jdk\microsoft_dist_openjdk_1.8.0.25\jre\bin\msvcr100.dll
0x00000000574f0000 - 0x0000000057d35000 	C:\Program Files\Android\Jdk\microsoft_dist_openjdk_1.8.0.25\jre\bin\server\jvm.dll
0x00007ffa852c0000 - 0x00007ffa852c8000 	C:\WINDOWS\System32\PSAPI.DLL
0x00007ffa6e550000 - 0x00007ffa6e574000 	C:\WINDOWS\SYSTEM32\WINMM.dll
0x00007ffa7d8e0000 - 0x00007ffa7d8e9000 	C:\WINDOWS\SYSTEM32\WSOCK32.dll
0x00007ffa7f990000 - 0x00007ffa7f99a000 	C:\WINDOWS\SYSTEM32\VERSION.dll
0x00007ffa85180000 - 0x00007ffa851ef000 	C:\WINDOWS\System32\WS2_32.dll
0x00007ffa7aa50000 - 0x00007ffa7aa7d000 	C:\WINDOWS\SYSTEM32\winmmbase.dll
0x00007ffa84450000 - 0x00007ffa8449a000 	C:\WINDOWS\System32\cfgmgr32.dll
0x00007ffa7fd70000 - 0x00007ffa7fd7f000 	C:\Program Files\Android\Jdk\microsoft_dist_openjdk_1.8.0.25\jre\bin\verify.dll
0x00007ffa75180000 - 0x00007ffa751a9000 	C:\Program Files\Android\Jdk\microsoft_dist_openjdk_1.8.0.25\jre\bin\java.dll
0x00007ffa7d510000 - 0x00007ffa7d526000 	C:\Program Files\Android\Jdk\microsoft_dist_openjdk_1.8.0.25\jre\bin\zip.dll
0x00007ffa84730000 - 0x00007ffa84e14000 	C:\WINDOWS\System32\SHELL32.dll
0x00007ffa844f0000 - 0x00007ffa84599000 	C:\WINDOWS\System32\shcore.dll
0x00007ffa833d0000 - 0x00007ffa83b4e000 	C:\WINDOWS\System32\windows.storage.dll
0x00007ffa833a0000 - 0x00007ffa833c3000 	C:\WINDOWS\System32\profapi.dll
0x00007ffa83350000 - 0x00007ffa8339a000 	C:\WINDOWS\System32\powrprof.dll
0x00007ffa83300000 - 0x00007ffa83310000 	C:\WINDOWS\System32\UMPDC.dll
0x00007ffa84600000 - 0x00007ffa84652000 	C:\WINDOWS\System32\shlwapi.dll
0x00007ffa83310000 - 0x00007ffa83321000 	C:\WINDOWS\System32\kernel.appcore.dll
0x00007ffa844a0000 - 0x00007ffa844b7000 	C:\WINDOWS\System32\cryptsp.dll
0x00007ffa79db0000 - 0x00007ffa79dca000 	C:\Program Files\Android\jdk\microsoft_dist_openjdk_1.8.0.25\jre\bin\net.dll
0x00007ffa82b10000 - 0x00007ffa82b77000 	C:\WINDOWS\system32\mswsock.dll
0x00007ffa75160000 - 0x00007ffa75171000 	C:\Program Files\Android\jdk\microsoft_dist_openjdk_1.8.0.25\jre\bin\nio.dll

VM Arguments:
jvm_args: -Xmx1G 
java_command: com.android.tools.r8.D8 --debug --min-api 21 --output obj\Debug\90\android\bin\ --lib C:\Program Files (x86)\Android\android-sdk\platforms\android-28\android.jar obj\Debug\90\android\bin\classes.zip C:\Program Files (x86)\Microsoft Visual Studio\2019\Enterprise\Common7\IDE\ReferenceAssemblies\Microsoft\Framework\MonoAndroid\v9.0\mono.android.jar C:\Program Files (x86)\Microsoft Visual Studio\2019\Enterprise\MSBuild\Xamarin\Android\java_runtime_fastdev.jar obj\Debug\90\lp\1\jl\formsviewgroup.jar obj\Debug\90\lp\6\jl\android.arch.core.common.jar obj\Debug\90\lp\7\jl\bin\classes.jar obj\Debug\90\lp\8\jl\android.arch.lifecycle.common.jar obj\Debug\90\lp\9\jl\bin\classes.jar obj\Debug\90\lp\10\jl\bin\classes.jar obj\Debug\90\lp\11\jl\bin\classes.jar obj\Debug\90\lp\12\jl\bin\classes.jar obj\Debug\90\lp\13\jl\bin\classes.jar obj\Debug\90\lp\14\jl\com.android.support.support-annotations.jar obj\Debug\90\lp\15\jl\bin\classes.jar obj\Debug\90\lp\16\jl\com.android.support.collections.jar obj\Debug\90\lp\17\jl\bin\classes.jar obj\Debug\90\lp\18\jl\bin\classes.jar obj\Debug\90\lp\19\jl\bin\classes.jar obj\Debug\90\lp\20\jl\bin\classes.jar obj\Debug\90\lp\21\jl\bin\classes.jar obj\Debug\90\lp\22\jl\bin\classes.jar obj\Debug\90\lp\23\jl\bin\classes.jar obj\Debug\90\lp\24\jl\bin\classes.jar obj\Debug\90\lp\25\jl\bin\classes.jar obj\Debug\90\lp\26\jl\bin\classes.jar obj\Debug\90\lp\27\jl\bin\classes.jar obj\Debug\90\lp\28\jl\bin\classes.jar obj\Debug\90\lp\29\jl\bin\classes.jar obj\Debug\90\lp\30\jl\bin\classes.jar obj\Debug\90\lp\31\jl\bin\classes.jar obj\Debug\90\lp\32\jl\bin\classes.jar obj\Debug\90\lp\33\jl\bin\classes.jar obj\Debug\90\lp\34\jl\bin\classes.jar obj\Debug\90\lp\35\jl\bin\classes.jar obj\Debug\90\lp\37\jl\bin\classes.jar obj\Debug\90\lp\38\jl\bin\classes.jar obj\Debug\90\lp\39\jl\bin\classes.jar obj\Debug\90\lp\40\jl\bin\classes.jar obj\Debug\90\lp\41\jl\bin\classes.jar obj\Debug\90\lp\42\jl\bin\classes.jar
java_class_path (initial): C:\Program Files (x86)\Microsoft Visual Studio\2019\Enterprise\MSBuild\Xamarin\Android\r8.jar
Launcher Type: SUN_STANDARD

Environment Variables:
PATH=C:\Program Files\Android\Jdk\microsoft_dist_openjdk_1.8.0.25\bin;C:\WINDOWS\system32;C:\WINDOWS;C:\WINDOWS\System32\Wbem;C:\WINDOWS\System32\WindowsPowerShell\v1.0\;C:\WINDOWS\System32\OpenSSH\;C:\Program Files\dotnet\;C:\Program Files\Microsoft SQL Server\130\Tools\Binn\;C:\Program Files\Microsoft SQL Server\Client SDK\ODBC\170\Tools\Binn\;C:\Program Files (x86)\Microsoft SQL Server\Client SDK\ODBC\130\Tools\Binn\;C:\Program Files (x86)\Microsoft SQL Server\140\Tools\Binn\;C:\Program Files (x86)\Microsoft SQL Server\140\DTS\Binn\;C:\Program Files (x86)\Microsoft SQL Server\140\Tools\Binn\ManagementStudio\;C:\Program Files\mosquitto;C:\Users\PC\AppData\Local\Microsoft\WindowsApps;C:\Users\PC\AppData\Local\GitHubDesktop\bin;C:\Users\PC\.dotnet\tools
USERNAME=PC
OS=Windows_NT
PROCESSOR_IDENTIFIER=Intel64 Family 6 Model 94 Stepping 3, GenuineIntel



---------------  S Y S T E M  ---------------

OS: Windows 10.0 , 64 bit Build 18362 (10.0.18362.778)

CPU:total 8 (initial active 8) (4 cores per cpu, 2 threads per core) family 6 model 94 stepping 3, cmov, cx8, fxsr, mmx, sse, sse2, sse3, ssse3, sse4.1, sse4.2, popcnt, avx, avx2, aes, clmul, erms, rtm, 3dnowpref, lzcnt, ht, tsc, tscinvbit, bmi1, bmi2, adx

Memory: 4k page, physical 33420396k(6663680k free), swap 33420396k(5148k free)

vm_info: OpenJDK 64-Bit Server VM (25.71-b00) for windows-amd64 JRE (1.8.0-25-microsoft-b00), built on Feb  7 2019 20:09:14 by "builder" with MS VC++ 10.0 (VS2010)

time: Tue Jun 09 16:43:43 2020
timezone: SE Asia Standard Time
elapsed time: 1 seconds (0d 0h 0m 1s)

