#
# There is insufficient memory for the Java Runtime Environment to continue.
# Native memory allocation (malloc) failed to allocate 316192 bytes for Chunk::new
# Possible reasons:
#   The system is out of physical RAM or swap space
#   The process is running with CompressedOops enabled, and the Java Heap may be blocking the growth of the native heap
# Possible solutions:
#   Reduce memory load on the system
#   Increase physical memory or swap space
#   Check if swap backing store is full
#   Decrease Java heap size (-Xmx/-Xms)
#   Decrease number of Java threads
#   Decrease Java thread stack sizes (-Xss)
#   Set larger code cache with -XX:ReservedCodeCacheSize=
#   JVM is running with Zero Based Compressed Oops mode in which the Java heap is
#     placed in the first 32GB address space. The Java Heap base address is the
#     maximum limit for the native heap growth. Please use -XX:HeapBaseMinAddress
#     to set the Java Heap base and to place the Java Heap above 32GB virtual address.
# This output file may be truncated or incomplete.
#
#  Out of Memory Error (allocation.cpp:389), pid=48468, tid=0x0000000000008d70
#
# JRE version: OpenJDK Runtime Environment (8.0) (build 1.8.0-25-microsoft-b00)
# Java VM: OpenJDK 64-Bit Server VM (25.71-b00 mixed mode windows-amd64 compressed oops)
# Failed to write core dump. Minidumps are not enabled by default on client versions of Windows
#

---------------  T H R E A D  ---------------

Current thread (0x0000000028200800):  JavaThread "C2 CompilerThread0" daemon [_thread_in_native, id=36208, stack(0x0000000028ad0000,0x0000000028bd0000)]

Stack: [0x0000000028ad0000,0x0000000028bd0000]
[error occurred during error reporting (printing stack bounds), id 0xc0000005]

Native frames: (J=compiled Java code, j=interpreted, Vv=VM code, C=native code)


Current CompileTask:
C2:   3220 1404       4       com.sun.tools.javac.comp.Resolve::findInheritedMemberType (202 bytes)


---------------  P R O C E S S  ---------------

Java Threads: ( => current thread )
  0x000000002829c800 JavaThread "Service Thread" daemon [_thread_blocked, id=51712, stack(0x0000000028ed0000,0x0000000028fd0000)]
  0x000000002820d800 JavaThread "C1 CompilerThread3" daemon [_thread_blocked, id=8380, stack(0x0000000028dd0000,0x0000000028ed0000)]
  0x0000000028207800 JavaThread "C2 CompilerThread2" daemon [_thread_blocked, id=15588, stack(0x0000000028cd0000,0x0000000028dd0000)]
  0x0000000028202800 JavaThread "C2 CompilerThread1" daemon [_thread_blocked, id=45380, stack(0x0000000028bd0000,0x0000000028cd0000)]
=>0x0000000028200800 JavaThread "C2 CompilerThread0" daemon [_thread_in_native, id=36208, stack(0x0000000028ad0000,0x0000000028bd0000)]
  0x00000000281ff800 JavaThread "Attach Listener" daemon [_thread_blocked, id=42920, stack(0x00000000289d0000,0x0000000028ad0000)]
  0x00000000263ee000 JavaThread "Signal Dispatcher" daemon [_thread_blocked, id=50892, stack(0x00000000288d0000,0x00000000289d0000)]
  0x00000000281f1000 JavaThread "Finalizer" daemon [_thread_blocked, id=50584, stack(0x00000000286d0000,0x00000000287d0000)]
  0x00000000263dc800 JavaThread "Reference Handler" daemon [_thread_blocked, id=48664, stack(0x00000000285d0000,0x00000000286d0000)]
  0x00000000031ae000 JavaThread "main" [_thread_blocked, id=47740, stack(0x00000000032a0000,0x00000000033a0000)]

Other Threads:
  0x00000000263d7800 VMThread [stack: 0x00000000280d0000,0x00000000281d0000] [id=43580]
  0x000000002829d000 WatcherThread [stack: 0x0000000028fd0000,0x00000000290d0000] [id=11932]

VM state:at safepoint (normal execution)

VM Mutex/Monitor currently owned by a thread:  ([mutex/lock_event])
[0x00000000031ad370] Threads_lock - owner thread: 0x00000000263d7800
[0x00000000031ad0f0] Heap_lock - owner thread: 0x00000000031ae000

heap address: 0x00000005c2000000, size: 8160 MB, Compressed Oops mode: Zero based, Oop shift amount: 3
Narrow klass base: 0x0000000000000000, Narrow klass shift: 3
Compressed class space size: 1073741824 Address: 0x00000007c0000000

Heap:
 PSYoungGen      total 22016K, used 16896K [0x0000000716000000, 0x0000000718100000, 0x00000007c0000000)
  eden space 16896K, 100% used [0x0000000716000000,0x0000000717080000,0x0000000717080000)
  from space 5120K, 0% used [0x0000000717c00000,0x0000000717c00000,0x0000000718100000)
  to   space 7168K, 0% used [0x0000000717300000,0x0000000717300000,0x0000000717a00000)
 ParOldGen       total 10752K, used 10517K [0x00000005c2000000, 0x00000005c2a80000, 0x0000000716000000)
  object space 10752K, 97% used [0x00000005c2000000,0x00000005c2a45640,0x00000005c2a80000)
 Metaspace       used 8074K, capacity 8852K, committed 9216K, reserved 1056768K
  class space    used 884K, capacity 912K, committed 1024K, reserved 1048576K

Card table byte_map: [0x0000000012860000,0x0000000013860000] byte_map_base: 0x000000000fa50000

Marking Bits: (ParMarkBitMap*) 0x0000000064488f30
 Begin Bits: [0x0000000014b00000, 0x000000001ca80000)
 End Bits:   [0x000000001ca80000, 0x0000000024a00000)

Polling page: 0x0000000001310000

CodeCache: size=245760Kb used=6175Kb max_used=6191Kb free=239584Kb
 bounds [0x00000000034a0000, 0x0000000003ac0000, 0x00000000124a0000]
 total_blobs=1746 nmethods=1457 adapters=202
 compilation: enabled

Compilation events (10 events):
Event: 3.197 Thread 0x000000002820d800 1457       3       com.sun.tools.javac.code.Type$ClassType::allparams (30 bytes)
Event: 3.197 Thread 0x0000000028202800 1458       4       com.sun.tools.javac.jvm.ClassReader::enterPackage (78 bytes)
Event: 3.197 Thread 0x000000002820d800 nmethod 1457 0x0000000003aa8b90 code [0x0000000003aa8d20, 0x0000000003aa91d8]
Event: 3.197 Thread 0x000000002820d800 1462       3       com.sun.tools.javac.comp.Check$CycleChecker::visitClassDef (79 bytes)
Event: 3.198 Thread 0x000000002820d800 nmethod 1462 0x0000000003aac550 code [0x0000000003aac7a0, 0x0000000003aad708]
Event: 3.198 Thread 0x000000002820d800 1463       3       java.lang.Object::equals (11 bytes)
Event: 3.198 Thread 0x000000002820d800 nmethod 1463 0x0000000003aa8810 code [0x0000000003aa8960, 0x0000000003aa8b10]
Event: 3.198 Thread 0x000000002820d800 1464       3       com.sun.tools.javac.comp.Check::checkClassType (85 bytes)
Event: 3.199 Thread 0x000000002820d800 nmethod 1464 0x0000000003aa9710 code [0x0000000003aa9940, 0x0000000003aaa598]
Event: 3.199 Thread 0x000000002820d800 1465   !   3       com.sun.tools.javac.comp.MemberEnter::complete (1573 bytes)

GC Heap History (10 events):
Event: 2.703 GC heap before
{Heap before GC invocations=10 (full 2):
 PSYoungGen      total 22016K, used 5091K [0x0000000716000000, 0x0000000718100000, 0x00000007c0000000)
  eden space 16896K, 0% used [0x0000000716000000,0x0000000716000000,0x0000000717080000)
  from space 5120K, 99% used [0x0000000717c00000,0x00000007180f8eb0,0x0000000718100000)
  to   space 7168K, 0% used [0x0000000717300000,0x0000000717300000,0x0000000717a00000)
 ParOldGen       total 10752K, used 8292K [0x00000005c2000000, 0x00000005c2a80000, 0x0000000716000000)
  object space 10752K, 77% used [0x00000005c2000000,0x00000005c28190b0,0x00000005c2a80000)
 Metaspace       used 7435K, capacity 8308K, committed 8576K, reserved 1056768K
  class space    used 857K, capacity 880K, committed 896K, reserved 1048576K
Event: 2.739 GC heap after
Heap after GC invocations=10 (full 2):
 PSYoungGen      total 22016K, used 974K [0x0000000716000000, 0x0000000718100000, 0x00000007c0000000)
  eden space 16896K, 0% used [0x0000000716000000,0x0000000716000000,0x0000000717080000)
  from space 5120K, 19% used [0x0000000717c00000,0x0000000717cf38f8,0x0000000718100000)
  to   space 7168K, 0% used [0x0000000717300000,0x0000000717300000,0x0000000717a00000)
 ParOldGen       total 10752K, used 10405K [0x00000005c2000000, 0x00000005c2a80000, 0x0000000716000000)
  object space 10752K, 96% used [0x00000005c2000000,0x00000005c2a29518,0x00000005c2a80000)
 Metaspace       used 7435K, capacity 8308K, committed 8576K, reserved 1056768K
  class space    used 857K, capacity 880K, committed 896K, reserved 1048576K
}
Event: 2.810 GC heap before
{Heap before GC invocations=11 (full 3):
 PSYoungGen      total 22016K, used 17870K [0x0000000716000000, 0x0000000718100000, 0x00000007c0000000)
  eden space 16896K, 100% used [0x0000000716000000,0x0000000717080000,0x0000000717080000)
  from space 5120K, 19% used [0x0000000717c00000,0x0000000717cf38f8,0x0000000718100000)
  to   space 7168K, 0% used [0x0000000717300000,0x0000000717300000,0x0000000717a00000)
 ParOldGen       total 10752K, used 10405K [0x00000005c2000000, 0x00000005c2a80000, 0x0000000716000000)
  object space 10752K, 96% used [0x00000005c2000000,0x00000005c2a29518,0x00000005c2a80000)
 Metaspace       used 7659K, capacity 8468K, committed 8704K, reserved 1056768K
  class space    used 871K, capacity 912K, committed 1024K, reserved 1048576K
Event: 2.867 GC heap after
Heap after GC invocations=11 (full 3):
 PSYoungGen      total 22016K, used 4667K [0x0000000716000000, 0x0000000718100000, 0x00000007c0000000)
  eden space 16896K, 27% used [0x0000000716000000,0x000000071648eeb8,0x0000000717080000)
  from space 5120K, 0% used [0x0000000717c00000,0x0000000717c00000,0x0000000718100000)
  to   space 7168K, 0% used [0x0000000717300000,0x0000000717300000,0x0000000717a00000)
 ParOldGen       total 10752K, used 10625K [0x00000005c2000000, 0x00000005c2a80000, 0x0000000716000000)
  object space 10752K, 98% used [0x00000005c2000000,0x00000005c2a606d8,0x00000005c2a80000)
 Metaspace       used 7659K, capacity 8468K, committed 8704K, reserved 1056768K
  class space    used 871K, capacity 912K, committed 1024K, reserved 1048576K
}
Event: 2.929 GC heap before
{Heap before GC invocations=12 (full 4):
 PSYoungGen      total 22016K, used 16896K [0x0000000716000000, 0x0000000718100000, 0x00000007c0000000)
  eden space 16896K, 100% used [0x0000000716000000,0x0000000717080000,0x0000000717080000)
  from space 5120K, 0% used [0x0000000717c00000,0x0000000717c00000,0x0000000718100000)
  to   space 7168K, 0% used [0x0000000717300000,0x0000000717300000,0x0000000717a00000)
 ParOldGen       total 10752K, used 10625K [0x00000005c2000000, 0x00000005c2a80000, 0x0000000716000000)
  object space 10752K, 98% used [0x00000005c2000000,0x00000005c2a606d8,0x00000005c2a80000)
 Metaspace       used 7861K, capacity 8660K, committed 8960K, reserved 1056768K
  class space    used 881K, capacity 912K, committed 1024K, reserved 1048576K
Event: 2.976 GC heap after
Heap after GC invocations=12 (full 4):
 PSYoungGen      total 22016K, used 9551K [0x0000000716000000, 0x0000000718100000, 0x00000007c0000000)
  eden space 16896K, 56% used [0x0000000716000000,0x0000000716953c60,0x0000000717080000)
  from space 5120K, 0% used [0x0000000717c00000,0x0000000717c00000,0x0000000718100000)
  to   space 7168K, 0% used [0x0000000717300000,0x0000000717300000,0x0000000717a00000)
 ParOldGen       total 10752K, used 10517K [0x00000005c2000000, 0x00000005c2a80000, 0x0000000716000000)
  object space 10752K, 97% used [0x00000005c2000000,0x00000005c2a45668,0x00000005c2a80000)
 Metaspace       used 7861K, capacity 8660K, committed 8960K, reserved 1056768K
  class space    used 881K, capacity 912K, committed 1024K, reserved 1048576K
}
Event: 3.014 GC heap before
{Heap before GC invocations=13 (full 5):
 PSYoungGen      total 22016K, used 16896K [0x0000000716000000, 0x0000000718100000, 0x00000007c0000000)
  eden space 16896K, 100% used [0x0000000716000000,0x0000000717080000,0x0000000717080000)
  from space 5120K, 0% used [0x0000000717c00000,0x0000000717c00000,0x0000000718100000)
  to   space 7168K, 0% used [0x0000000717300000,0x0000000717300000,0x0000000717a00000)
 ParOldGen       total 10752K, used 10517K [0x00000005c2000000, 0x00000005c2a80000, 0x0000000716000000)
  object space 10752K, 97% used [0x00000005c2000000,0x00000005c2a45668,0x00000005c2a80000)
 Metaspace       used 7965K, capacity 8724K, committed 8960K, reserved 1056768K
  class space    used 884K, capacity 912K, committed 1024K, reserved 1048576K
Event: 3.070 GC heap after
Heap after GC invocations=13 (full 5):
 PSYoungGen      total 22016K, used 11412K [0x0000000716000000, 0x0000000718100000, 0x00000007c0000000)
  eden space 16896K, 67% used [0x0000000716000000,0x0000000716b25138,0x0000000717080000)
  from space 5120K, 0% used [0x0000000717c00000,0x0000000717c00000,0x0000000718100000)
  to   space 7168K, 0% used [0x0000000717300000,0x0000000717300000,0x0000000717a00000)
 ParOldGen       total 10752K, used 10517K [0x00000005c2000000, 0x00000005c2a80000, 0x0000000716000000)
  object space 10752K, 97% used [0x00000005c2000000,0x00000005c2a45658,0x00000005c2a80000)
 Metaspace       used 7965K, capacity 8724K, committed 8960K, reserved 1056768K
  class space    used 884K, capacity 912K, committed 1024K, reserved 1048576K
}
Event: 3.123 GC heap before
{Heap before GC invocations=14 (full 6):
 PSYoungGen      total 22016K, used 16896K [0x0000000716000000, 0x0000000718100000, 0x00000007c0000000)
  eden space 16896K, 100% used [0x0000000716000000,0x0000000717080000,0x0000000717080000)
  from space 5120K, 0% used [0x0000000717c00000,0x0000000717c00000,0x0000000718100000)
  to   space 7168K, 0% used [0x0000000717300000,0x0000000717300000,0x0000000717a00000)
 ParOldGen       total 10752K, used 10517K [0x00000005c2000000, 0x00000005c2a80000, 0x0000000716000000)
  object space 10752K, 97% used [0x00000005c2000000,0x00000005c2a45658,0x00000005c2a80000)
 Metaspace       used 8040K, capacity 8788K, committed 8960K, reserved 1056768K
  class space    used 884K, capacity 912K, committed 1024K, reserved 1048576K
Event: 3.190 GC heap after
Heap after GC invocations=14 (full 6):
 PSYoungGen      total 22016K, used 14071K [0x0000000716000000, 0x0000000718100000, 0x00000007c0000000)
  eden space 16896K, 83% used [0x0000000716000000,0x0000000716dbdd40,0x0000000717080000)
  from space 5120K, 0% used [0x0000000717c00000,0x0000000717c00000,0x0000000718100000)
  to   space 7168K, 0% used [0x0000000717300000,0x0000000717300000,0x0000000717a00000)
 ParOldGen       total 10752K, used 10517K [0x00000005c2000000, 0x00000005c2a80000, 0x0000000716000000)
  object space 10752K, 97% used [0x00000005c2000000,0x00000005c2a45640,0x00000005c2a80000)
 Metaspace       used 8040K, capacity 8788K, committed 8960K, reserved 1056768K
  class space    used 884K, capacity 912K, committed 1024K, reserved 1048576K
}

Deoptimization events (10 events):
Event: 2.873 Thread 0x00000000031ae000 Uncommon trap: reason=class_check action=maybe_recompile pc=0x0000000003937fb4 method=com.sun.tools.javac.util.List.reverse()Lcom/sun/tools/javac/util/List; @ 1
Event: 2.873 Thread 0x00000000031ae000 Uncommon trap: reason=class_check action=maybe_recompile pc=0x0000000003937fb4 method=com.sun.tools.javac.util.List.reverse()Lcom/sun/tools/javac/util/List; @ 1
Event: 2.873 Thread 0x00000000031ae000 Uncommon trap: reason=class_check action=maybe_recompile pc=0x0000000003937fb4 method=com.sun.tools.javac.util.List.reverse()Lcom/sun/tools/javac/util/List; @ 1
Event: 2.873 Thread 0x00000000031ae000 Uncommon trap: reason=class_check action=maybe_recompile pc=0x0000000003937fb4 method=com.sun.tools.javac.util.List.reverse()Lcom/sun/tools/javac/util/List; @ 1
Event: 2.875 Thread 0x00000000031ae000 Uncommon trap: reason=class_check action=maybe_recompile pc=0x000000000393d07c method=com.sun.tools.javac.tree.JCTree$JCVariableDecl.accept(Lcom/sun/tools/javac/tree/JCTree$Visitor;)V @ 2
Event: 2.875 Thread 0x00000000031ae000 Uncommon trap: reason=class_check action=maybe_recompile pc=0x000000000393d07c method=com.sun.tools.javac.tree.JCTree$JCVariableDecl.accept(Lcom/sun/tools/javac/tree/JCTree$Visitor;)V @ 2
Event: 2.875 Thread 0x00000000031ae000 Uncommon trap: reason=class_check action=maybe_recompile pc=0x000000000393d07c method=com.sun.tools.javac.tree.JCTree$JCVariableDecl.accept(Lcom/sun/tools/javac/tree/JCTree$Visitor;)V @ 2
Event: 2.875 Thread 0x00000000031ae000 Uncommon trap: reason=class_check action=maybe_recompile pc=0x000000000393d07c method=com.sun.tools.javac.tree.JCTree$JCVariableDecl.accept(Lcom/sun/tools/javac/tree/JCTree$Visitor;)V @ 2
Event: 2.900 Thread 0x00000000031ae000 Uncommon trap: reason=unstable_if action=reinterpret pc=0x0000000003958d74 method=com.sun.tools.javac.code.Scope.getIndex(Lcom/sun/tools/javac/util/Name;)I @ 60
Event: 3.073 Thread 0x00000000031ae000 Uncommon trap: reason=unloaded action=reinterpret pc=0x00000000039f2af4 method=com.sun.tools.javac.jvm.ClassReader.readPool(I)Ljava/lang/Object; @ 436

Classes redefined (0 events):
No events

Internal exceptions (10 events):
Event: 0.022 Thread 0x00000000031ae000 Exception <a 'java/lang/NoSuchMethodError': Method sun.misc.Unsafe.defineClass(Ljava/lang/String;[BII)Ljava/lang/Class; name or signature does not match> (0x0000000716007cd8) thrown at [D:\j\worksp~1\openjd~3\jdk8u\hotspot\src\share\vm\prims\jni.cpp, line
Event: 0.022 Thread 0x00000000031ae000 Exception <a 'java/lang/NoSuchMethodError': Method sun.misc.Unsafe.prefetchRead(Ljava/lang/Object;J)V name or signature does not match> (0x0000000716007fc0) thrown at [D:\j\worksp~1\openjd~3\jdk8u\hotspot\src\share\vm\prims\jni.cpp, line 4012]
Event: 0.083 Thread 0x00000000031ae000 Exception <a 'java/security/PrivilegedActionException'> (0x0000000716175660) thrown at [D:\j\worksp~1\openjd~3\jdk8u\hotspot\src\share\vm\prims\jvm.cpp, line 1508]
Event: 0.083 Thread 0x00000000031ae000 Exception <a 'java/security/PrivilegedActionException'> (0x0000000716175a58) thrown at [D:\j\worksp~1\openjd~3\jdk8u\hotspot\src\share\vm\prims\jvm.cpp, line 1508]
Event: 0.084 Thread 0x00000000031ae000 Exception <a 'java/security/PrivilegedActionException'> (0x0000000716179f88) thrown at [D:\j\worksp~1\openjd~3\jdk8u\hotspot\src\share\vm\prims\jvm.cpp, line 1508]
Event: 0.084 Thread 0x00000000031ae000 Exception <a 'java/security/PrivilegedActionException'> (0x000000071617a380) thrown at [D:\j\worksp~1\openjd~3\jdk8u\hotspot\src\share\vm\prims\jvm.cpp, line 1508]
Event: 0.084 Thread 0x00000000031ae000 Exception <a 'java/security/PrivilegedActionException'> (0x000000071617bca8) thrown at [D:\j\worksp~1\openjd~3\jdk8u\hotspot\src\share\vm\prims\jvm.cpp, line 1508]
Event: 0.084 Thread 0x00000000031ae000 Exception <a 'java/security/PrivilegedActionException'> (0x000000071617c0a0) thrown at [D:\j\worksp~1\openjd~3\jdk8u\hotspot\src\share\vm\prims\jvm.cpp, line 1508]
Event: 0.088 Thread 0x00000000031ae000 Exception <a 'java/security/PrivilegedActionException'> (0x00000007160092d0) thrown at [D:\j\worksp~1\openjd~3\jdk8u\hotspot\src\share\vm\prims\jvm.cpp, line 1508]
Event: 0.088 Thread 0x00000000031ae000 Exception <a 'java/security/PrivilegedActionException'> (0x00000007160326c0) thrown at [D:\j\worksp~1\openjd~3\jdk8u\hotspot\src\share\vm\prims\jvm.cpp, line 1508]

Events (10 events):
Event: 2.995 loading class com/sun/tools/javac/comp/Check$7 done
Event: 3.014 Executing VM operation: ParallelGCFailedAllocation
Event: 3.070 Executing VM operation: ParallelGCFailedAllocation done
Event: 3.073 Thread 0x00000000031ae000 Uncommon trap: trap_request=0x000000b3 fr.pc=0x00000000039f2af4
Event: 3.073 Thread 0x00000000031ae000 DEOPT PACKING pc=0x00000000039f2af4 sp=0x000000000339dad0
Event: 3.073 Thread 0x00000000031ae000 DEOPT UNPACKING pc=0x00000000034e557b sp=0x000000000339daa8 mode 2
Event: 3.107 Thread 0x00000000031ae000 DEOPT PACKING pc=0x00000000039b3027 sp=0x000000000339e700
Event: 3.107 Thread 0x00000000031ae000 DEOPT UNPACKING pc=0x00000000034e75d0 sp=0x000000000339e470 mode 0
Event: 3.123 Executing VM operation: ParallelGCFailedAllocation
Event: 3.190 Executing VM operation: ParallelGCFailedAllocation done


Dynamic libraries:
0x00007ff695390000 - 0x00007ff695397000 	C:\Program Files\Android\Jdk\microsoft_dist_openjdk_1.8.0.25\bin\javac.exe
0x00007ff9c30a0000 - 0x00007ff9c3290000 	C:\WINDOWS\SYSTEM32\ntdll.dll
0x00007ff9c23c0000 - 0x00007ff9c2472000 	C:\WINDOWS\System32\KERNEL32.DLL
0x00007ff9c0990000 - 0x00007ff9c0c33000 	C:\WINDOWS\System32\KERNELBASE.dll
0x00007ff9ba7e0000 - 0x00007ff9ba80f000 	C:\Program Files\Android\Jdk\microsoft_dist_openjdk_1.8.0.25\bin\jli.dll
0x0000000063810000 - 0x00000000638e1000 	C:\Program Files\Android\Jdk\microsoft_dist_openjdk_1.8.0.25\bin\MSVCR100.dll
0x00007ff9c2130000 - 0x00007ff9c21d3000 	C:\WINDOWS\System32\ADVAPI32.dll
0x00007ff9c1e90000 - 0x00007ff9c1f2e000 	C:\WINDOWS\System32\msvcrt.dll
0x00007ff9c1150000 - 0x00007ff9c11e7000 	C:\WINDOWS\System32\sechost.dll
0x00007ff9c2290000 - 0x00007ff9c23b0000 	C:\WINDOWS\System32\RPCRT4.dll
0x00007ff9c1f90000 - 0x00007ff9c2124000 	C:\WINDOWS\System32\USER32.dll
0x00007ff9c0c40000 - 0x00007ff9c0c61000 	C:\WINDOWS\System32\win32u.dll
0x00007ff9a8bb0000 - 0x00007ff9a8e35000 	C:\WINDOWS\WinSxS\amd64_microsoft.windows.common-controls_6595b64144ccf1df_6.0.18362.778_none_e6c6b761130d4fb8\COMCTL32.dll
0x00007ff9c1870000 - 0x00007ff9c1896000 	C:\WINDOWS\System32\GDI32.dll
0x00007ff9c12e0000 - 0x00007ff9c1616000 	C:\WINDOWS\System32\combase.dll
0x00007ff9c0e80000 - 0x00007ff9c1014000 	C:\WINDOWS\System32\gdi32full.dll
0x00007ff9c0090000 - 0x00007ff9c018a000 	C:\WINDOWS\System32\ucrtbase.dll
0x00007ff9c0c90000 - 0x00007ff9c0d2e000 	C:\WINDOWS\System32\msvcp_win.dll
0x00007ff9c10d0000 - 0x00007ff9c1150000 	C:\WINDOWS\System32\bcryptPrimitives.dll
0x00007ff9c2260000 - 0x00007ff9c228e000 	C:\WINDOWS\System32\IMM32.DLL
0x0000000064510000 - 0x00000000645e1000 	C:\Program Files\Android\Jdk\microsoft_dist_openjdk_1.8.0.25\jre\bin\msvcr100.dll
0x0000000063cc0000 - 0x0000000064505000 	C:\Program Files\Android\Jdk\microsoft_dist_openjdk_1.8.0.25\jre\bin\server\jvm.dll
0x00007ff9c11f0000 - 0x00007ff9c11f8000 	C:\WINDOWS\System32\PSAPI.DLL
0x00007ff9b81c0000 - 0x00007ff9b81c9000 	C:\WINDOWS\SYSTEM32\WSOCK32.dll
0x00007ff9bbfa0000 - 0x00007ff9bbfaa000 	C:\WINDOWS\SYSTEM32\VERSION.dll
0x00007ff9bdf30000 - 0x00007ff9bdf54000 	C:\WINDOWS\SYSTEM32\WINMM.dll
0x00007ff9c1800000 - 0x00007ff9c186f000 	C:\WINDOWS\System32\WS2_32.dll
0x00007ff9bdbb0000 - 0x00007ff9bdbdd000 	C:\WINDOWS\SYSTEM32\WINMMBASE.dll
0x00007ff9c0940000 - 0x00007ff9c098a000 	C:\WINDOWS\System32\cfgmgr32.dll
0x00007ff9a8950000 - 0x00007ff9a895f000 	C:\Program Files\Android\Jdk\microsoft_dist_openjdk_1.8.0.25\jre\bin\verify.dll
0x00007ff9a8920000 - 0x00007ff9a8949000 	C:\Program Files\Android\Jdk\microsoft_dist_openjdk_1.8.0.25\jre\bin\java.dll
0x00007ff9a8900000 - 0x00007ff9a8916000 	C:\Program Files\Android\Jdk\microsoft_dist_openjdk_1.8.0.25\jre\bin\zip.dll
0x00007ff9c2640000 - 0x00007ff9c2d25000 	C:\WINDOWS\System32\SHELL32.dll
0x00007ff9c18a0000 - 0x00007ff9c1949000 	C:\WINDOWS\System32\shcore.dll
0x00007ff9c0190000 - 0x00007ff9c0910000 	C:\WINDOWS\System32\windows.storage.dll
0x00007ff9c0000000 - 0x00007ff9c0023000 	C:\WINDOWS\System32\profapi.dll
0x00007ff9bff70000 - 0x00007ff9bffba000 	C:\WINDOWS\System32\powrprof.dll
0x00007ff9bff60000 - 0x00007ff9bff70000 	C:\WINDOWS\System32\UMPDC.dll
0x00007ff9c2ee0000 - 0x00007ff9c2f32000 	C:\WINDOWS\System32\shlwapi.dll
0x00007ff9bffc0000 - 0x00007ff9bffd1000 	C:\WINDOWS\System32\kernel.appcore.dll
0x00007ff9c0c70000 - 0x00007ff9c0c87000 	C:\WINDOWS\System32\cryptsp.dll

VM Arguments:
jvm_args: -Dapplication.home=C:\Program Files\Android\Jdk\microsoft_dist_openjdk_1.8.0.25 -Xms8m -Dfile.encoding=UTF8 
java_command: com.sun.tools.javac.Main @C:\Users\PC\AppData\Local\Temp\tmpF793.tmp
java_class_path (initial): C:\Program Files\Android\Jdk\microsoft_dist_openjdk_1.8.0.25/lib/tools.jar;C:\Program Files\Android\Jdk\microsoft_dist_openjdk_1.8.0.25/classes
Launcher Type: SUN_STANDARD

Environment Variables:
PATH=C:\Program Files\Android\Jdk\microsoft_dist_openjdk_1.8.0.25\bin;C:\WINDOWS\system32;C:\WINDOWS;C:\WINDOWS\System32\Wbem;C:\WINDOWS\System32\WindowsPowerShell\v1.0\;C:\WINDOWS\System32\OpenSSH\;C:\Program Files\dotnet\;C:\Program Files\Microsoft SQL Server\130\Tools\Binn\;C:\Program Files\Microsoft SQL Server\Client SDK\ODBC\170\Tools\Binn\;C:\Program Files (x86)\Microsoft SQL Server\Client SDK\ODBC\130\Tools\Binn\;C:\Program Files (x86)\Microsoft SQL Server\140\Tools\Binn\;C:\Program Files (x86)\Microsoft SQL Server\140\DTS\Binn\;C:\Program Files (x86)\Microsoft SQL Server\140\Tools\Binn\ManagementStudio\;C:\Program Files\mosquitto;C:\Users\PC\AppData\Local\Microsoft\WindowsApps;C:\Users\PC\AppData\Local\GitHubDesktop\bin;C:\Users\PC\.dotnet\tools
USERNAME=PC
OS=Windows_NT
PROCESSOR_IDENTIFIER=Intel64 Family 6 Model 94 Stepping 3, GenuineIntel



---------------  S Y S T E M  ---------------

OS: Windows 10.0 , 64 bit Build 18362 (10.0.18362.778)

CPU:total 8 (initial active 8) (4 cores per cpu, 2 threads per core) family 6 model 94 stepping 3, cmov, cx8, fxsr, mmx, sse, sse2, sse3, ssse3, sse4.1, sse4.2, popcnt, avx, avx2, aes, clmul, erms, rtm, 3dnowpref, lzcnt, ht, tsc, tscinvbit, bmi1, bmi2, adx

Memory: 4k page, physical 33420396k(3291476k free), swap 33420396k(5616k free)

vm_info: OpenJDK 64-Bit Server VM (25.71-b00) for windows-amd64 JRE (1.8.0-25-microsoft-b00), built on Feb  7 2019 20:09:14 by "builder" with MS VC++ 10.0 (VS2010)

time: Fri May 15 09:17:17 2020
timezone: SE Asia Standard Time
elapsed time: 3 seconds (0d 0h 0m 3s)

