#
# There is insufficient memory for the Java Runtime Environment to continue.
# Native memory allocation (malloc) failed to allocate 827920 bytes for Chunk::new
# Possible reasons:
#   The system is out of physical RAM or swap space
#   The process is running with CompressedOops enabled, and the Java Heap may be blocking the growth of the native heap
# Possible solutions:
#   Reduce memory load on the system
#   Increase physical memory or swap space
#   Check if swap backing store is full
#   Decrease Java heap size (-Xmx/-Xms)
#   Decrease number of Java threads
#   Decrease Java thread stack sizes (-Xss)
#   Set larger code cache with -XX:ReservedCodeCacheSize=
#   JVM is running with Zero Based Compressed Oops mode in which the Java heap is
#     placed in the first 32GB address space. The Java Heap base address is the
#     maximum limit for the native heap growth. Please use -XX:HeapBaseMinAddress
#     to set the Java Heap base and to place the Java Heap above 32GB virtual address.
# This output file may be truncated or incomplete.
#
#  Out of Memory Error (allocation.cpp:389), pid=24832, tid=0x000000000000a238
#
# JRE version: OpenJDK Runtime Environment (8.0) (build 1.8.0-25-microsoft-b00)
# Java VM: OpenJDK 64-Bit Server VM (25.71-b00 mixed mode windows-amd64 compressed oops)
# Failed to write core dump. Minidumps are not enabled by default on client versions of Windows
#

---------------  T H R E A D  ---------------

Current thread (0x0000000025fba000):  JavaThread "C2 CompilerThread0" daemon [_thread_in_native, id=41528, stack(0x0000000028680000,0x0000000028780000)]

Stack: [0x0000000028680000,0x0000000028780000]
[error occurred during error reporting (printing stack bounds), id 0xc0000005]

Native frames: (J=compiled Java code, j=interpreted, Vv=VM code, C=native code)


Current CompileTask:
C2:   1171 1514       4       com.sun.tools.javac.comp.Attr::selectSym (600 bytes)


---------------  P R O C E S S  ---------------

Java Threads: ( => current thread )
  0x0000000027dc9800 JavaThread "Service Thread" daemon [_thread_blocked, id=22668, stack(0x0000000028a80000,0x0000000028b80000)]
  0x0000000025fbe800 JavaThread "C1 CompilerThread3" daemon [_thread_blocked, id=14000, stack(0x0000000028980000,0x0000000028a80000)]
  0x0000000025fbd800 JavaThread "C2 CompilerThread2" daemon [_thread_blocked, id=16784, stack(0x0000000028880000,0x0000000028980000)]
  0x0000000025fbb800 JavaThread "C2 CompilerThread1" daemon [_thread_blocked, id=43248, stack(0x0000000028780000,0x0000000028880000)]
=>0x0000000025fba000 JavaThread "C2 CompilerThread0" daemon [_thread_in_native, id=41528, stack(0x0000000028680000,0x0000000028780000)]
  0x0000000027db5800 JavaThread "Attach Listener" daemon [_thread_blocked, id=23368, stack(0x0000000028580000,0x0000000028680000)]
  0x0000000027db4000 JavaThread "Signal Dispatcher" daemon [_thread_blocked, id=41572, stack(0x0000000028480000,0x0000000028580000)]
  0x0000000027da0800 JavaThread "Finalizer" daemon [_thread_blocked, id=29340, stack(0x0000000028280000,0x0000000028380000)]
  0x0000000025fab800 JavaThread "Reference Handler" daemon [_thread_blocked, id=20276, stack(0x0000000028180000,0x0000000028280000)]
  0x0000000002e2e000 JavaThread "main" [_thread_in_native, id=16612, stack(0x0000000002d20000,0x0000000002e20000)]

Other Threads:
  0x0000000025fa6800 VMThread [stack: 0x0000000027c80000,0x0000000027d80000] [id=21312]
  0x0000000027dca800 WatcherThread [stack: 0x0000000028b80000,0x0000000028c80000] [id=26788]

VM state:not at safepoint (normal execution)

VM Mutex/Monitor currently owned by a thread: None

heap address: 0x00000005c2000000, size: 8160 MB, Compressed Oops mode: Zero based, Oop shift amount: 3
Narrow klass base: 0x0000000000000000, Narrow klass shift: 3
Compressed class space size: 1073741824 Address: 0x00000007c0000000

Heap:
 PSYoungGen      total 26624K, used 21258K [0x0000000716000000, 0x0000000718500000, 0x00000007c0000000)
  eden space 16896K, 68% used [0x0000000716000000,0x0000000716b46478,0x0000000717080000)
  from space 9728K, 99% used [0x0000000717080000,0x00000007179fc3f8,0x0000000717a00000)
  to   space 8704K, 0% used [0x0000000717a00000,0x0000000717a00000,0x0000000718280000)
 ParOldGen       total 22016K, used 17633K [0x00000005c2000000, 0x00000005c3580000, 0x0000000716000000)
  object space 22016K, 80% used [0x00000005c2000000,0x00000005c31385a8,0x00000005c3580000)
 Metaspace       used 8768K, capacity 9460K, committed 9728K, reserved 1058816K
  class space    used 955K, capacity 1008K, committed 1024K, reserved 1048576K

Card table byte_map: [0x0000000012390000,0x0000000013390000] byte_map_base: 0x000000000f580000

Marking Bits: (ParMarkBitMap*) 0x0000000058698f30
 Begin Bits: [0x0000000014630000, 0x000000001c5b0000)
 End Bits:   [0x000000001c5b0000, 0x0000000024530000)

Polling page: 0x0000000002e40000

CodeCache: size=245760Kb used=7260Kb max_used=7273Kb free=238499Kb
 bounds [0x0000000002fd0000, 0x0000000003700000, 0x0000000011fd0000]
 total_blobs=2014 nmethods=1717 adapters=210
 compilation: enabled

Compilation events (10 events):
Event: 1.149 Thread 0x0000000025fbe800 nmethod 1714 0x00000000036d7350 code [0x00000000036d74a0, 0x00000000036d75f0]
Event: 1.149 Thread 0x0000000025fbe800 1717       3       com.sun.tools.javac.comp.Lower::visitVarDef (117 bytes)
Event: 1.149 Thread 0x0000000025fbd800 nmethod 1720 0x00000000036e9e10 code [0x00000000036ea320, 0x00000000036eac00]
Event: 1.150 Thread 0x0000000025fbe800 nmethod 1717 0x00000000036ebd50 code [0x00000000036ebf20, 0x00000000036ec788]
Event: 1.150 Thread 0x0000000025fbe800 1697       1       com.sun.tools.javac.code.Scope$CompoundScope::getMark (5 bytes)
Event: 1.150 Thread 0x0000000025fbe800 nmethod 1697 0x00000000036e9b50 code [0x00000000036e9ca0, 0x00000000036e9db0]
Event: 1.150 Thread 0x0000000025fbe800 1617       1       java.util.Formatter$Flags::valueOf (5 bytes)
Event: 1.150 Thread 0x0000000025fbe800 nmethod 1617 0x00000000036eba90 code [0x00000000036ebbe0, 0x00000000036ebcf0]
Event: 1.150 Thread 0x0000000025fbe800 1652       3       java.util.HashMap::<init> (11 bytes)
Event: 1.150 Thread 0x0000000025fbe800 nmethod 1652 0x00000000036d78d0 code [0x00000000036d7a40, 0x00000000036d7c50]

GC Heap History (10 events):
Event: 0.660 GC heap before
{Heap before GC invocations=9 (full 1):
 PSYoungGen      total 14336K, used 13712K [0x0000000716000000, 0x0000000718000000, 0x00000007c0000000)
  eden space 11776K, 100% used [0x0000000716000000,0x0000000716b80000,0x0000000716b80000)
  from space 2560K, 75% used [0x0000000716b80000,0x0000000716d64170,0x0000000716e00000)
  to   space 4608K, 0% used [0x0000000717b80000,0x0000000717b80000,0x0000000718000000)
 ParOldGen       total 11264K, used 5610K [0x00000005c2000000, 0x00000005c2b00000, 0x0000000716000000)
  object space 11264K, 49% used [0x00000005c2000000,0x00000005c257a828,0x00000005c2b00000)
 Metaspace       used 7409K, capacity 8308K, committed 8576K, reserved 1056768K
  class space    used 857K, capacity 880K, committed 896K, reserved 1048576K
Event: 0.664 GC heap after
Heap after GC invocations=9 (full 1):
 PSYoungGen      total 18944K, used 4581K [0x0000000716000000, 0x0000000718000000, 0x00000007c0000000)
  eden space 14336K, 0% used [0x0000000716000000,0x0000000716000000,0x0000000716e00000)
  from space 4608K, 99% used [0x0000000717b80000,0x0000000717ff9440,0x0000000718000000)
  to   space 6144K, 0% used [0x0000000717400000,0x0000000717400000,0x0000000717a00000)
 ParOldGen       total 11264K, used 7397K [0x00000005c2000000, 0x00000005c2b00000, 0x0000000716000000)
  object space 11264K, 65% used [0x00000005c2000000,0x00000005c2739438,0x00000005c2b00000)
 Metaspace       used 7409K, capacity 8308K, committed 8576K, reserved 1056768K
  class space    used 857K, capacity 880K, committed 896K, reserved 1048576K
}
Event: 0.733 GC heap before
{Heap before GC invocations=10 (full 1):
 PSYoungGen      total 18944K, used 18917K [0x0000000716000000, 0x0000000718000000, 0x00000007c0000000)
  eden space 14336K, 100% used [0x0000000716000000,0x0000000716e00000,0x0000000716e00000)
  from space 4608K, 99% used [0x0000000717b80000,0x0000000717ff9440,0x0000000718000000)
  to   space 6144K, 0% used [0x0000000717400000,0x0000000717400000,0x0000000717a00000)
 ParOldGen       total 11264K, used 7397K [0x00000005c2000000, 0x00000005c2b00000, 0x0000000716000000)
  object space 11264K, 65% used [0x00000005c2000000,0x00000005c2739438,0x00000005c2b00000)
 Metaspace       used 7608K, capacity 8404K, committed 8704K, reserved 1056768K
  class space    used 871K, capacity 912K, committed 1024K, reserved 1048576K
Event: 0.737 GC heap after
Heap after GC invocations=10 (full 1):
 PSYoungGen      total 23040K, used 6126K [0x0000000716000000, 0x0000000718280000, 0x00000007c0000000)
  eden space 16896K, 0% used [0x0000000716000000,0x0000000716000000,0x0000000717080000)
  from space 6144K, 99% used [0x0000000717400000,0x00000007179fb840,0x0000000717a00000)
  to   space 8704K, 0% used [0x0000000717a00000,0x0000000717a00000,0x0000000718280000)
 ParOldGen       total 12288K, used 11377K [0x00000005c2000000, 0x00000005c2c00000, 0x0000000716000000)
  object space 12288K, 92% used [0x00000005c2000000,0x00000005c2b1c5e8,0x00000005c2c00000)
 Metaspace       used 7608K, capacity 8404K, committed 8704K, reserved 1056768K
  class space    used 871K, capacity 912K, committed 1024K, reserved 1048576K
}
Event: 0.737 GC heap before
{Heap before GC invocations=11 (full 2):
 PSYoungGen      total 23040K, used 6126K [0x0000000716000000, 0x0000000718280000, 0x00000007c0000000)
  eden space 16896K, 0% used [0x0000000716000000,0x0000000716000000,0x0000000717080000)
  from space 6144K, 99% used [0x0000000717400000,0x00000007179fb840,0x0000000717a00000)
  to   space 8704K, 0% used [0x0000000717a00000,0x0000000717a00000,0x0000000718280000)
 ParOldGen       total 12288K, used 11377K [0x00000005c2000000, 0x00000005c2c00000, 0x0000000716000000)
  object space 12288K, 92% used [0x00000005c2000000,0x00000005c2b1c5e8,0x00000005c2c00000)
 Metaspace       used 7608K, capacity 8404K, committed 8704K, reserved 1056768K
  class space    used 871K, capacity 912K, committed 1024K, reserved 1048576K
Event: 0.806 GC heap after
Heap after GC invocations=11 (full 2):
 PSYoungGen      total 23040K, used 3403K [0x0000000716000000, 0x0000000718280000, 0x00000007c0000000)
  eden space 16896K, 0% used [0x0000000716000000,0x0000000716000000,0x0000000717080000)
  from space 6144K, 55% used [0x0000000717400000,0x0000000717752fd8,0x0000000717a00000)
  to   space 8704K, 0% used [0x0000000717a00000,0x0000000717a00000,0x0000000718280000)
 ParOldGen       total 22016K, used 11862K [0x00000005c2000000, 0x00000005c3580000, 0x0000000716000000)
  object space 22016K, 53% used [0x00000005c2000000,0x00000005c2b958d8,0x00000005c3580000)
 Metaspace       used 7608K, capacity 8404K, committed 8704K, reserved 1056768K
  class space    used 871K, capacity 912K, committed 1024K, reserved 1048576K
}
Event: 0.888 GC heap before
{Heap before GC invocations=12 (full 2):
 PSYoungGen      total 23040K, used 20299K [0x0000000716000000, 0x0000000718280000, 0x00000007c0000000)
  eden space 16896K, 100% used [0x0000000716000000,0x0000000717080000,0x0000000717080000)
  from space 6144K, 55% used [0x0000000717400000,0x0000000717752fd8,0x0000000717a00000)
  to   space 8704K, 0% used [0x0000000717a00000,0x0000000717a00000,0x0000000718280000)
 ParOldGen       total 22016K, used 11862K [0x00000005c2000000, 0x00000005c3580000, 0x0000000716000000)
  object space 22016K, 53% used [0x00000005c2000000,0x00000005c2b958d8,0x00000005c3580000)
 Metaspace       used 7873K, capacity 8660K, committed 8960K, reserved 1056768K
  class space    used 881K, capacity 912K, committed 1024K, reserved 1048576K
Event: 0.893 GC heap after
Heap after GC invocations=12 (full 2):
 PSYoungGen      total 25600K, used 6804K [0x0000000716000000, 0x0000000718500000, 0x00000007c0000000)
  eden space 16896K, 0% used [0x0000000716000000,0x0000000716000000,0x0000000717080000)
  from space 8704K, 78% used [0x0000000717a00000,0x00000007180a5158,0x0000000718280000)
  to   space 9728K, 0% used [0x0000000717080000,0x0000000717080000,0x0000000717a00000)
 ParOldGen       total 22016K, used 14830K [0x00000005c2000000, 0x00000005c3580000, 0x0000000716000000)
  object space 22016K, 67% used [0x00000005c2000000,0x00000005c2e7b9e8,0x00000005c3580000)
 Metaspace       used 7873K, capacity 8660K, committed 8960K, reserved 1056768K
  class space    used 881K, capacity 912K, committed 1024K, reserved 1048576K
}
Event: 1.012 GC heap before
{Heap before GC invocations=13 (full 2):
 PSYoungGen      total 25600K, used 23700K [0x0000000716000000, 0x0000000718500000, 0x00000007c0000000)
  eden space 16896K, 100% used [0x0000000716000000,0x0000000717080000,0x0000000717080000)
  from space 8704K, 78% used [0x0000000717a00000,0x00000007180a5158,0x0000000718280000)
  to   space 9728K, 0% used [0x0000000717080000,0x0000000717080000,0x0000000717a00000)
 ParOldGen       total 22016K, used 14830K [0x00000005c2000000, 0x00000005c3580000, 0x0000000716000000)
  object space 22016K, 67% used [0x00000005c2000000,0x00000005c2e7b9e8,0x00000005c3580000)
 Metaspace       used 8082K, capacity 8852K, committed 9216K, reserved 1056768K
  class space    used 884K, capacity 912K, committed 1024K, reserved 1048576K
Event: 1.020 GC heap after
Heap after GC invocations=13 (full 2):
 PSYoungGen      total 26624K, used 9712K [0x0000000716000000, 0x0000000718500000, 0x00000007c0000000)
  eden space 16896K, 0% used [0x0000000716000000,0x0000000716000000,0x0000000717080000)
  from space 9728K, 99% used [0x0000000717080000,0x00000007179fc3f8,0x0000000717a00000)
  to   space 8704K, 0% used [0x0000000717a00000,0x0000000717a00000,0x0000000718280000)
 ParOldGen       total 22016K, used 17633K [0x00000005c2000000, 0x00000005c3580000, 0x0000000716000000)
  object space 22016K, 80% used [0x00000005c2000000,0x00000005c31385a8,0x00000005c3580000)
 Metaspace       used 8082K, capacity 8852K, committed 9216K, reserved 1056768K
  class space    used 884K, capacity 912K, committed 1024K, reserved 1048576K
}

Deoptimization events (10 events):
Event: 1.083 Thread 0x0000000002e2e000 Uncommon trap: reason=class_check action=maybe_recompile pc=0x000000000363149c method=com.sun.tools.javac.util.ListBuffer.next()Ljava/lang/Object; @ 12
Event: 1.083 Thread 0x0000000002e2e000 Uncommon trap: reason=class_check action=maybe_recompile pc=0x000000000363149c method=com.sun.tools.javac.util.ListBuffer.next()Ljava/lang/Object; @ 12
Event: 1.083 Thread 0x0000000002e2e000 Uncommon trap: reason=class_check action=maybe_recompile pc=0x0000000003568b88 method=java.util.HashMap.putVal(ILjava/lang/Object;Ljava/lang/Object;ZZ)Ljava/lang/Object; @ 253
Event: 1.085 Thread 0x0000000002e2e000 Uncommon trap: reason=class_check action=maybe_recompile pc=0x0000000003568b88 method=java.util.HashMap.putVal(ILjava/lang/Object;Ljava/lang/Object;ZZ)Ljava/lang/Object; @ 253
Event: 1.085 Thread 0x0000000002e2e000 Uncommon trap: reason=class_check action=maybe_recompile pc=0x0000000003568b88 method=java.util.HashMap.putVal(ILjava/lang/Object;Ljava/lang/Object;ZZ)Ljava/lang/Object; @ 253
Event: 1.111 Thread 0x0000000002e2e000 Uncommon trap: reason=unstable_if action=reinterpret pc=0x0000000003548f38 method=com.sun.tools.javac.code.Scope.enter(Lcom/sun/tools/javac/code/Symbol;Lcom/sun/tools/javac/code/Scope;Lcom/sun/tools/javac/code/Scope;Z)V @ 116
Event: 1.112 Thread 0x0000000002e2e000 Uncommon trap: reason=unstable_if action=reinterpret pc=0x000000000323f340 method=com.sun.tools.javac.util.ArrayUtils.ensureCapacity([BI)[B @ 3
Event: 1.124 Thread 0x0000000002e2e000 Uncommon trap: reason=unstable_if action=reinterpret pc=0x0000000003681d30 method=com.sun.tools.javac.code.TypeAnnotations$TypeAnnotationPositions.visitVarDef(Lcom/sun/tools/javac/tree/JCTree$JCVariableDecl;)V @ 393
Event: 1.138 Thread 0x0000000002e2e000 Uncommon trap: reason=class_check action=maybe_recompile pc=0x0000000003568b88 method=java.util.HashMap.putVal(ILjava/lang/Object;Ljava/lang/Object;ZZ)Ljava/lang/Object; @ 253
Event: 1.141 Thread 0x0000000002e2e000 Uncommon trap: reason=class_check action=maybe_recompile pc=0x000000000348d794 method=java.util.HashMap.putVal(ILjava/lang/Object;Ljava/lang/Object;ZZ)Ljava/lang/Object; @ 253

Classes redefined (0 events):
No events

Internal exceptions (10 events):
Event: 0.019 Thread 0x0000000002e2e000 Exception <a 'java/lang/NoSuchMethodError': Method sun.misc.Unsafe.defineClass(Ljava/lang/String;[BII)Ljava/lang/Class; name or signature does not match> (0x0000000716007cd8) thrown at [D:\j\worksp~1\openjd~3\jdk8u\hotspot\src\share\vm\prims\jni.cpp, line
Event: 0.019 Thread 0x0000000002e2e000 Exception <a 'java/lang/NoSuchMethodError': Method sun.misc.Unsafe.prefetchRead(Ljava/lang/Object;J)V name or signature does not match> (0x0000000716007fc0) thrown at [D:\j\worksp~1\openjd~3\jdk8u\hotspot\src\share\vm\prims\jni.cpp, line 4012]
Event: 0.078 Thread 0x0000000002e2e000 Exception <a 'java/security/PrivilegedActionException'> (0x0000000716175410) thrown at [D:\j\worksp~1\openjd~3\jdk8u\hotspot\src\share\vm\prims\jvm.cpp, line 1508]
Event: 0.078 Thread 0x0000000002e2e000 Exception <a 'java/security/PrivilegedActionException'> (0x0000000716175808) thrown at [D:\j\worksp~1\openjd~3\jdk8u\hotspot\src\share\vm\prims\jvm.cpp, line 1508]
Event: 0.078 Thread 0x0000000002e2e000 Exception <a 'java/security/PrivilegedActionException'> (0x0000000716179d10) thrown at [D:\j\worksp~1\openjd~3\jdk8u\hotspot\src\share\vm\prims\jvm.cpp, line 1508]
Event: 0.078 Thread 0x0000000002e2e000 Exception <a 'java/security/PrivilegedActionException'> (0x000000071617a108) thrown at [D:\j\worksp~1\openjd~3\jdk8u\hotspot\src\share\vm\prims\jvm.cpp, line 1508]
Event: 0.078 Thread 0x0000000002e2e000 Exception <a 'java/security/PrivilegedActionException'> (0x000000071617ba30) thrown at [D:\j\worksp~1\openjd~3\jdk8u\hotspot\src\share\vm\prims\jvm.cpp, line 1508]
Event: 0.078 Thread 0x0000000002e2e000 Exception <a 'java/security/PrivilegedActionException'> (0x000000071617be28) thrown at [D:\j\worksp~1\openjd~3\jdk8u\hotspot\src\share\vm\prims\jvm.cpp, line 1508]
Event: 0.082 Thread 0x0000000002e2e000 Exception <a 'java/security/PrivilegedActionException'> (0x00000007160092d0) thrown at [D:\j\worksp~1\openjd~3\jdk8u\hotspot\src\share\vm\prims\jvm.cpp, line 1508]
Event: 0.082 Thread 0x0000000002e2e000 Exception <a 'java/security/PrivilegedActionException'> (0x00000007160326a8) thrown at [D:\j\worksp~1\openjd~3\jdk8u\hotspot\src\share\vm\prims\jvm.cpp, line 1508]

Events (10 events):
Event: 1.112 Thread 0x0000000002e2e000 DEOPT UNPACKING pc=0x000000000301557b sp=0x0000000002e1e630 mode 2
Event: 1.124 Thread 0x0000000002e2e000 Uncommon trap: trap_request=0xffffff65 fr.pc=0x0000000003681d30
Event: 1.124 Thread 0x0000000002e2e000 DEOPT PACKING pc=0x0000000003681d30 sp=0x0000000002e1eb30
Event: 1.124 Thread 0x0000000002e2e000 DEOPT UNPACKING pc=0x000000000301557b sp=0x0000000002e1eb20 mode 2
Event: 1.138 Thread 0x0000000002e2e000 Uncommon trap: trap_request=0xffffffde fr.pc=0x0000000003568b88
Event: 1.138 Thread 0x0000000002e2e000 DEOPT PACKING pc=0x0000000003568b88 sp=0x0000000002e1f1c0
Event: 1.138 Thread 0x0000000002e2e000 DEOPT UNPACKING pc=0x000000000301557b sp=0x0000000002e1f0d8 mode 2
Event: 1.141 Thread 0x0000000002e2e000 Uncommon trap: trap_request=0xffffffde fr.pc=0x000000000348d794
Event: 1.141 Thread 0x0000000002e2e000 DEOPT PACKING pc=0x000000000348d794 sp=0x0000000002e1f130
Event: 1.141 Thread 0x0000000002e2e000 DEOPT UNPACKING pc=0x000000000301557b sp=0x0000000002e1f0c8 mode 2


Dynamic libraries:
0x00007ff69a240000 - 0x00007ff69a247000 	C:\Program Files\Android\Jdk\microsoft_dist_openjdk_1.8.0.25\bin\javac.exe
0x00007ffa86440000 - 0x00007ffa86630000 	C:\WINDOWS\SYSTEM32\ntdll.dll
0x00007ffa85960000 - 0x00007ffa85a12000 	C:\WINDOWS\System32\KERNEL32.DLL
0x00007ffa83ee0000 - 0x00007ffa84184000 	C:\WINDOWS\System32\KERNELBASE.dll
0x00007ffa6a790000 - 0x00007ffa6a7bf000 	C:\Program Files\Android\Jdk\microsoft_dist_openjdk_1.8.0.25\bin\jli.dll
0x0000000057a20000 - 0x0000000057af1000 	C:\Program Files\Android\Jdk\microsoft_dist_openjdk_1.8.0.25\bin\MSVCR100.dll
0x00007ffa84680000 - 0x00007ffa84723000 	C:\WINDOWS\System32\ADVAPI32.dll
0x00007ffa84e90000 - 0x00007ffa84f2e000 	C:\WINDOWS\System32\msvcrt.dll
0x00007ffa86040000 - 0x00007ffa860d7000 	C:\WINDOWS\System32\sechost.dll
0x00007ffa86230000 - 0x00007ffa86350000 	C:\WINDOWS\System32\RPCRT4.dll
0x00007ffa85740000 - 0x00007ffa858d4000 	C:\WINDOWS\System32\USER32.dll
0x00007ffa75680000 - 0x00007ffa75904000 	C:\WINDOWS\WinSxS\amd64_microsoft.windows.common-controls_6595b64144ccf1df_6.0.18362.836_none_e6c4b943130f18ed\COMCTL32.dll
0x00007ffa84190000 - 0x00007ffa841b1000 	C:\WINDOWS\System32\win32u.dll
0x00007ffa85150000 - 0x00007ffa85176000 	C:\WINDOWS\System32\GDI32.dll
0x00007ffa85ca0000 - 0x00007ffa85fd6000 	C:\WINDOWS\System32\combase.dll
0x00007ffa83b50000 - 0x00007ffa83ce4000 	C:\WINDOWS\System32\gdi32full.dll
0x00007ffa842d0000 - 0x00007ffa843ca000 	C:\WINDOWS\System32\ucrtbase.dll
0x00007ffa83e40000 - 0x00007ffa83ede000 	C:\WINDOWS\System32\msvcp_win.dll
0x00007ffa843d0000 - 0x00007ffa84450000 	C:\WINDOWS\System32\bcryptPrimitives.dll
0x00007ffa850a0000 - 0x00007ffa850ce000 	C:\WINDOWS\System32\IMM32.DLL
0x0000000058720000 - 0x00000000587f1000 	C:\Program Files\Android\Jdk\microsoft_dist_openjdk_1.8.0.25\jre\bin\msvcr100.dll
0x0000000057ed0000 - 0x0000000058715000 	C:\Program Files\Android\Jdk\microsoft_dist_openjdk_1.8.0.25\jre\bin\server\jvm.dll
0x00007ffa852c0000 - 0x00007ffa852c8000 	C:\WINDOWS\System32\PSAPI.DLL
0x00007ffa7b5a0000 - 0x00007ffa7b5a9000 	C:\WINDOWS\SYSTEM32\WSOCK32.dll
0x00007ffa7f990000 - 0x00007ffa7f99a000 	C:\WINDOWS\SYSTEM32\VERSION.dll
0x00007ffa6e550000 - 0x00007ffa6e574000 	C:\WINDOWS\SYSTEM32\WINMM.dll
0x00007ffa85180000 - 0x00007ffa851ef000 	C:\WINDOWS\System32\WS2_32.dll
0x00007ffa7aa50000 - 0x00007ffa7aa7d000 	C:\WINDOWS\SYSTEM32\WINMMBASE.dll
0x00007ffa84450000 - 0x00007ffa8449a000 	C:\WINDOWS\System32\cfgmgr32.dll
0x00007ffa7d510000 - 0x00007ffa7d51f000 	C:\Program Files\Android\Jdk\microsoft_dist_openjdk_1.8.0.25\jre\bin\verify.dll
0x00007ffa74f00000 - 0x00007ffa74f29000 	C:\Program Files\Android\Jdk\microsoft_dist_openjdk_1.8.0.25\jre\bin\java.dll
0x00007ffa74120000 - 0x00007ffa74136000 	C:\Program Files\Android\Jdk\microsoft_dist_openjdk_1.8.0.25\jre\bin\zip.dll
0x00007ffa84730000 - 0x00007ffa84e14000 	C:\WINDOWS\System32\SHELL32.dll
0x00007ffa844f0000 - 0x00007ffa84599000 	C:\WINDOWS\System32\shcore.dll
0x00007ffa833d0000 - 0x00007ffa83b4e000 	C:\WINDOWS\System32\windows.storage.dll
0x00007ffa833a0000 - 0x00007ffa833c3000 	C:\WINDOWS\System32\profapi.dll
0x00007ffa83350000 - 0x00007ffa8339a000 	C:\WINDOWS\System32\powrprof.dll
0x00007ffa83300000 - 0x00007ffa83310000 	C:\WINDOWS\System32\UMPDC.dll
0x00007ffa84600000 - 0x00007ffa84652000 	C:\WINDOWS\System32\shlwapi.dll
0x00007ffa83310000 - 0x00007ffa83321000 	C:\WINDOWS\System32\kernel.appcore.dll
0x00007ffa844a0000 - 0x00007ffa844b7000 	C:\WINDOWS\System32\cryptsp.dll

VM Arguments:
jvm_args: -Dapplication.home=C:\Program Files\Android\Jdk\microsoft_dist_openjdk_1.8.0.25 -Xms8m -Dfile.encoding=UTF8 
java_command: com.sun.tools.javac.Main @C:\Users\PC\AppData\Local\Temp\tmp8F04.tmp
java_class_path (initial): C:\Program Files\Android\Jdk\microsoft_dist_openjdk_1.8.0.25/lib/tools.jar;C:\Program Files\Android\Jdk\microsoft_dist_openjdk_1.8.0.25/classes
Launcher Type: SUN_STANDARD

Environment Variables:
PATH=C:\Program Files\Android\Jdk\microsoft_dist_openjdk_1.8.0.25\bin;C:\WINDOWS\system32;C:\WINDOWS;C:\WINDOWS\System32\Wbem;C:\WINDOWS\System32\WindowsPowerShell\v1.0\;C:\WINDOWS\System32\OpenSSH\;C:\Program Files\dotnet\;C:\Program Files\Microsoft SQL Server\130\Tools\Binn\;C:\Program Files\Microsoft SQL Server\Client SDK\ODBC\170\Tools\Binn\;C:\Program Files (x86)\Microsoft SQL Server\Client SDK\ODBC\130\Tools\Binn\;C:\Program Files (x86)\Microsoft SQL Server\140\Tools\Binn\;C:\Program Files (x86)\Microsoft SQL Server\140\DTS\Binn\;C:\Program Files (x86)\Microsoft SQL Server\140\Tools\Binn\ManagementStudio\;C:\Program Files\mosquitto;C:\Users\PC\AppData\Local\Microsoft\WindowsApps;C:\Users\PC\AppData\Local\GitHubDesktop\bin;C:\Users\PC\.dotnet\tools
USERNAME=PC
OS=Windows_NT
PROCESSOR_IDENTIFIER=Intel64 Family 6 Model 94 Stepping 3, GenuineIntel



---------------  S Y S T E M  ---------------

OS: Windows 10.0 , 64 bit Build 18362 (10.0.18362.778)

CPU:total 8 (initial active 8) (4 cores per cpu, 2 threads per core) family 6 model 94 stepping 3, cmov, cx8, fxsr, mmx, sse, sse2, sse3, ssse3, sse4.1, sse4.2, popcnt, avx, avx2, aes, clmul, erms, rtm, 3dnowpref, lzcnt, ht, tsc, tscinvbit, bmi1, bmi2, adx

Memory: 4k page, physical 33420396k(3042464k free), swap 33420396k(5420k free)

vm_info: OpenJDK 64-Bit Server VM (25.71-b00) for windows-amd64 JRE (1.8.0-25-microsoft-b00), built on Feb  7 2019 20:09:14 by "builder" with MS VC++ 10.0 (VS2010)

time: Fri May 22 15:58:45 2020
timezone: SE Asia Standard Time
elapsed time: 1 seconds (0d 0h 0m 1s)

