#
# There is insufficient memory for the Java Runtime Environment to continue.
# Native memory allocation (malloc) failed to allocate 32744 bytes for ChunkPool::allocate
# Possible reasons:
#   The system is out of physical RAM or swap space
#   The process is running with CompressedOops enabled, and the Java Heap may be blocking the growth of the native heap
# Possible solutions:
#   Reduce memory load on the system
#   Increase physical memory or swap space
#   Check if swap backing store is full
#   Decrease Java heap size (-Xmx/-Xms)
#   Decrease number of Java threads
#   Decrease Java thread stack sizes (-Xss)
#   Set larger code cache with -XX:ReservedCodeCacheSize=
#   JVM is running with Unscaled Compressed Oops mode in which the Java heap is
#     placed in the first 4GB address space. The Java Heap base address is the
#     maximum limit for the native heap growth. Please use -XX:HeapBaseMinAddress
#     to set the Java Heap base and to place the Java Heap above 4GB virtual address.
# This output file may be truncated or incomplete.
#
#  Out of Memory Error (allocation.cpp:272), pid=11780, tid=0x0000000000003f58
#
# JRE version: OpenJDK Runtime Environment (8.0) (build 1.8.0-25-microsoft-b00)
# Java VM: OpenJDK 64-Bit Server VM (25.71-b00 mixed mode windows-amd64 compressed oops)
# Failed to write core dump. Minidumps are not enabled by default on client versions of Windows
#

---------------  T H R E A D  ---------------

Current thread (0x00000000171e6800):  JavaThread "C1 CompilerThread3" daemon [_thread_in_native, id=16216, stack(0x0000000017db0000,0x0000000017eb0000)]

Stack: [0x0000000017db0000,0x0000000017eb0000]
[error occurred during error reporting (printing stack bounds), id 0xc0000005]

Native frames: (J=compiled Java code, j=interpreted, Vv=VM code, C=native code)


Current CompileTask:
C1:    762 1246       2       sun.security.jca.GetInstance::getInstance (29 bytes)


---------------  P R O C E S S  ---------------

Java Threads: ( => current thread )
  0x0000000018598000 JavaThread "ForkJoinPool-1-worker-0" daemon [_thread_blocked, id=46348, stack(0x0000000019b80000,0x0000000019c80000)]
  0x0000000018595000 JavaThread "ForkJoinPool-1-worker-3" daemon [_thread_blocked, id=23888, stack(0x0000000019a80000,0x0000000019b80000)]
  0x0000000018588800 JavaThread "ForkJoinPool-1-worker-2" daemon [_thread_blocked, id=8132, stack(0x0000000019980000,0x0000000019a80000)]
  0x0000000018586000 JavaThread "ForkJoinPool-1-worker-1" daemon [_thread_blocked, id=38024, stack(0x0000000019880000,0x0000000019980000)]
  0x0000000017272000 JavaThread "Service Thread" daemon [_thread_blocked, id=44540, stack(0x0000000017eb0000,0x0000000017fb0000)]
=>0x00000000171e6800 JavaThread "C1 CompilerThread3" daemon [_thread_in_native, id=16216, stack(0x0000000017db0000,0x0000000017eb0000)]
  0x00000000171e1800 JavaThread "C2 CompilerThread2" daemon [_thread_in_native, id=28328, stack(0x0000000017cb0000,0x0000000017db0000)]
  0x00000000171db800 JavaThread "C2 CompilerThread1" daemon [_thread_in_native, id=20324, stack(0x0000000017bb0000,0x0000000017cb0000)]
  0x00000000171da000 JavaThread "C2 CompilerThread0" daemon [_thread_in_native, id=43296, stack(0x0000000017ab0000,0x0000000017bb0000)]
  0x00000000171d8800 JavaThread "Attach Listener" daemon [_thread_blocked, id=36376, stack(0x00000000179b0000,0x0000000017ab0000)]
  0x00000000171d8000 JavaThread "Signal Dispatcher" daemon [_thread_blocked, id=34128, stack(0x00000000178b0000,0x00000000179b0000)]
  0x00000000171d0800 JavaThread "Finalizer" daemon [_thread_blocked, id=48420, stack(0x00000000176b0000,0x00000000177b0000)]
  0x00000000153cb800 JavaThread "Reference Handler" daemon [_thread_blocked, id=48336, stack(0x00000000175b0000,0x00000000176b0000)]
  0x00000000027b2800 JavaThread "main" [_thread_in_vm, id=32076, stack(0x00000000026b0000,0x00000000027b0000)]

Other Threads:
  0x00000000153c8000 VMThread [stack: 0x00000000170b0000,0x00000000171b0000] [id=46476]
  0x0000000017273000 WatcherThread [stack: 0x0000000017fb0000,0x00000000180b0000] [id=16008]

VM state:not at safepoint (normal execution)

VM Mutex/Monitor currently owned by a thread: None

heap address: 0x00000000c0000000, size: 1024 MB, Compressed Oops mode: 32-bit
Narrow klass base: 0x0000000000000000, Narrow klass shift: 3
Compressed class space size: 1073741824 Address: 0x0000000100000000

Heap:
 PSYoungGen      total 152576K, used 93009K [0x00000000eab00000, 0x00000000f5500000, 0x0000000100000000)
  eden space 131072K, 54% used [0x00000000eab00000,0x00000000ef0d7520,0x00000000f2b00000)
  from space 21504K, 99% used [0x00000000f2b00000,0x00000000f3ffd0c8,0x00000000f4000000)
  to   space 21504K, 0% used [0x00000000f4000000,0x00000000f4000000,0x00000000f5500000)
 ParOldGen       total 348160K, used 11145K [0x00000000c0000000, 0x00000000d5400000, 0x00000000eab00000)
  object space 348160K, 3% used [0x00000000c0000000,0x00000000c0ae2420,0x00000000d5400000)
 Metaspace       used 9070K, capacity 9374K, committed 9600K, reserved 1058816K
  class space    used 1014K, capacity 1117K, committed 1152K, reserved 1048576K

Card table byte_map: [0x0000000011c70000,0x0000000011e80000] byte_map_base: 0x0000000011670000

Marking Bits: (ParMarkBitMap*) 0x0000000057cb8f30
 Begin Bits: [0x00000000127e0000, 0x00000000137e0000)
 End Bits:   [0x00000000137e0000, 0x00000000147e0000)

Polling page: 0x0000000000d10000

CodeCache: size=245760Kb used=4280Kb max_used=4283Kb free=241479Kb
 bounds [0x00000000028b0000, 0x0000000002cf0000, 0x00000000118b0000]
 total_blobs=1549 nmethods=1220 adapters=243
 compilation: enabled

Compilation events (10 events):
Event: 0.744 Thread 0x00000000171da000 1226       4       com.android.tools.r8.graph.DexItemFactory::createString (43 bytes)
Event: 0.746 Thread 0x00000000171da000 nmethod 1226 0x0000000002cd1810 code [0x0000000002cd1980, 0x0000000002cd1b18]
Event: 0.746 Thread 0x00000000171da000 1220       4       com.android.tools.r8.graph.A::<init> (203 bytes)
Event: 0.747 Thread 0x00000000171e6800 1243       2       java.lang.Throwable::<init> (39 bytes)
Event: 0.747 Thread 0x00000000171e6800 nmethod 1243 0x0000000002cd1190 code [0x0000000002cd1300, 0x0000000002cd16e8]
Event: 0.750 Thread 0x00000000171e6800 1244       2       java.security.Provider::ensureLegacyParsed (123 bytes)
Event: 0.750 Thread 0x00000000171e6800 nmethod 1244 0x0000000002cd3350 code [0x0000000002cd3540, 0x0000000002cd3a08]
Event: 0.756 Thread 0x00000000171e6800 1245       2       java.net.URLStreamHandler::toExternalForm (219 bytes)
Event: 0.758 Thread 0x00000000171e6800 nmethod 1245 0x0000000002cdccd0 code [0x0000000002cdcf20, 0x0000000002cde568]
Event: 0.761 Thread 0x00000000171e6800 1246       2       sun.security.jca.GetInstance::getInstance (29 bytes)

GC Heap History (2 events):
Event: 0.656 GC heap before
{Heap before GC invocations=1 (full 0):
 PSYoungGen      total 152576K, used 131072K [0x00000000eab00000, 0x00000000f5500000, 0x0000000100000000)
  eden space 131072K, 100% used [0x00000000eab00000,0x00000000f2b00000,0x00000000f2b00000)
  from space 21504K, 0% used [0x00000000f4000000,0x00000000f4000000,0x00000000f5500000)
  to   space 21504K, 0% used [0x00000000f2b00000,0x00000000f2b00000,0x00000000f4000000)
 ParOldGen       total 348160K, used 0K [0x00000000c0000000, 0x00000000d5400000, 0x00000000eab00000)
  object space 348160K, 0% used [0x00000000c0000000,0x00000000c0000000,0x00000000d5400000)
 Metaspace       used 8651K, capacity 9016K, committed 9088K, reserved 1056768K
  class space    used 959K, capacity 1084K, committed 1152K, reserved 1048576K
Event: 0.675 GC heap after
Heap after GC invocations=1 (full 0):
 PSYoungGen      total 152576K, used 21492K [0x00000000eab00000, 0x00000000f5500000, 0x0000000100000000)
  eden space 131072K, 0% used [0x00000000eab00000,0x00000000eab00000,0x00000000f2b00000)
  from space 21504K, 99% used [0x00000000f2b00000,0x00000000f3ffd0c8,0x00000000f4000000)
  to   space 21504K, 0% used [0x00000000f4000000,0x00000000f4000000,0x00000000f5500000)
 ParOldGen       total 348160K, used 11145K [0x00000000c0000000, 0x00000000d5400000, 0x00000000eab00000)
  object space 348160K, 3% used [0x00000000c0000000,0x00000000c0ae2420,0x00000000d5400000)
 Metaspace       used 8651K, capacity 9016K, committed 9088K, reserved 1056768K
  class space    used 959K, capacity 1084K, committed 1152K, reserved 1048576K
}

Deoptimization events (10 events):
Event: 0.627 Thread 0x0000000018586000 Uncommon trap: reason=unstable_if action=reinterpret pc=0x0000000002c56610 method=com.android.tools.r8.graph.z.<init>(Lcom/android/tools/r8/graph/y;ILjava/lang/String;Ljava/lang/String;Ljava/lang/String;Ljava/lang/Object;)V @ 40
Event: 0.641 Thread 0x0000000018588800 Uncommon trap: reason=unstable_if action=reinterpret pc=0x0000000002c42290 method=com.android.tools.r8.t.a.a.f.a(II[C)Ljava/lang/String; @ 32
Event: 0.641 Thread 0x0000000018588800 Uncommon trap: reason=unstable_if action=reinterpret pc=0x0000000002c7fc60 method=com.android.tools.r8.graph.DexString.<init>(Ljava/lang/String;)V @ 39
Event: 0.643 Thread 0x0000000018595000 Uncommon trap: reason=unstable_if action=reinterpret pc=0x0000000002c3ed80 method=com.android.tools.r8.utils.t.a(I)Z @ 45
Event: 0.644 Thread 0x0000000018588800 Uncommon trap: reason=unstable_if action=reinterpret pc=0x0000000002bfe1ac method=java.util.concurrent.ConcurrentHashMap.putVal(Ljava/lang/Object;Ljava/lang/Object;Z)Ljava/lang/Object; @ 98
Event: 0.646 Thread 0x0000000018598000 Uncommon trap: reason=unstable_if action=reinterpret pc=0x0000000002bc7da8 method=com.android.tools.r8.t.a.a.f.a(II[C)Ljava/lang/String; @ 32
Event: 0.646 Thread 0x0000000018598000 Uncommon trap: reason=unstable_if action=reinterpret pc=0x0000000002bd58f4 method=com.android.tools.r8.graph.DexString.<init>(Ljava/lang/String;)V @ 39
Event: 0.713 Thread 0x0000000018595000 Uncommon trap: reason=unstable_if action=reinterpret pc=0x0000000002cc4ab4 method=java.util.concurrent.ConcurrentHashMap.putVal(Ljava/lang/Object;Ljava/lang/Object;Z)Ljava/lang/Object; @ 195
Event: 0.737 Thread 0x00000000027b2800 Uncommon trap: reason=unstable_if action=reinterpret pc=0x0000000002bf8780 method=java.util.concurrent.ConcurrentHashMap.addCount(JI)V @ 121
Event: 0.738 Thread 0x00000000027b2800 Uncommon trap: reason=unstable_if action=reinterpret pc=0x0000000002a17218 method=java.lang.ref.SoftReference.get()Ljava/lang/Object; @ 17

Classes redefined (0 events):
No events

Internal exceptions (10 events):
Event: 0.362 Thread 0x00000000027b2800 Exception <a 'java/lang/NoSuchMethodError': java.lang.Object.lambda$identity$2(Ljava/lang/Object;)Ljava/lang/Object;> (0x00000000ec81f450) thrown at [D:\j\worksp~1\openjd~3\jdk8u\hotspot\src\share\vm\interpreter\linkResolver.cpp, line 620]
Event: 0.370 Thread 0x00000000027b2800 Exception <a 'java/security/PrivilegedActionException'> (0x00000000ec863388) thrown at [D:\j\worksp~1\openjd~3\jdk8u\hotspot\src\share\vm\prims\jvm.cpp, line 1508]
Event: 0.370 Thread 0x00000000027b2800 Exception <a 'java/security/PrivilegedActionException'> (0x00000000ec863598) thrown at [D:\j\worksp~1\openjd~3\jdk8u\hotspot\src\share\vm\prims\jvm.cpp, line 1508]
Event: 0.370 Thread 0x00000000027b2800 Exception <a 'java/security/PrivilegedActionException'> (0x00000000ec867848) thrown at [D:\j\worksp~1\openjd~3\jdk8u\hotspot\src\share\vm\prims\jvm.cpp, line 1508]
Event: 0.370 Thread 0x00000000027b2800 Exception <a 'java/security/PrivilegedActionException'> (0x00000000ec867a58) thrown at [D:\j\worksp~1\openjd~3\jdk8u\hotspot\src\share\vm\prims\jvm.cpp, line 1508]
Event: 0.370 Thread 0x00000000027b2800 Exception <a 'java/security/PrivilegedActionException'> (0x00000000ec869198) thrown at [D:\j\worksp~1\openjd~3\jdk8u\hotspot\src\share\vm\prims\jvm.cpp, line 1508]
Event: 0.370 Thread 0x00000000027b2800 Exception <a 'java/security/PrivilegedActionException'> (0x00000000ec8693a8) thrown at [D:\j\worksp~1\openjd~3\jdk8u\hotspot\src\share\vm\prims\jvm.cpp, line 1508]
Event: 0.382 Thread 0x00000000027b2800 Implicit null exception at 0x0000000002aff27c to 0x0000000002affc31
Event: 0.396 Thread 0x00000000027b2800 Implicit null exception at 0x0000000002af6ae5 to 0x0000000002af7151
Event: 0.409 Thread 0x00000000027b2800 Implicit null exception at 0x0000000002af41f8 to 0x0000000002af46bd

Events (10 events):
Event: 0.760 loading class com/android/tools/r8/n/a/a/a/h/F0
Event: 0.760 loading class com/android/tools/r8/n/a/a/a/h/F0 done
Event: 0.760 loading class com/android/tools/r8/n/a/a/a/g/m
Event: 0.760 loading class com/android/tools/r8/n/a/a/a/g/m done
Event: 0.761 loading class com/android/tools/r8/n/a/a/a/g/E0
Event: 0.761 loading class com/android/tools/r8/n/a/a/a/g/E0 done
Event: 0.761 loading class com/android/tools/r8/n/a/a/a/g/q
Event: 0.761 loading class com/android/tools/r8/n/a/a/a/g/q done
Event: 0.761 loading class com/android/tools/r8/n/a/a/a/g/U0
Event: 0.761 loading class com/android/tools/r8/n/a/a/a/g/U0 done


Dynamic libraries:
0x00007ff7c8730000 - 0x00007ff7c8765000 	C:\Program Files\Android\Jdk\microsoft_dist_openjdk_1.8.0.25\bin\java.exe
0x00007ffa86440000 - 0x00007ffa86630000 	C:\WINDOWS\SYSTEM32\ntdll.dll
0x00007ffa85960000 - 0x00007ffa85a12000 	C:\WINDOWS\System32\KERNEL32.DLL
0x00007ffa83ee0000 - 0x00007ffa84184000 	C:\WINDOWS\System32\KERNELBASE.dll
0x00007ffa84680000 - 0x00007ffa84723000 	C:\WINDOWS\System32\ADVAPI32.dll
0x00007ffa84e90000 - 0x00007ffa84f2e000 	C:\WINDOWS\System32\msvcrt.dll
0x00007ffa86040000 - 0x00007ffa860d7000 	C:\WINDOWS\System32\sechost.dll
0x00007ffa86230000 - 0x00007ffa86350000 	C:\WINDOWS\System32\RPCRT4.dll
0x00007ffa85740000 - 0x00007ffa858d4000 	C:\WINDOWS\System32\USER32.dll
0x00007ffa84190000 - 0x00007ffa841b1000 	C:\WINDOWS\System32\win32u.dll
0x00007ffa85150000 - 0x00007ffa85176000 	C:\WINDOWS\System32\GDI32.dll
0x00007ffa83b50000 - 0x00007ffa83ce4000 	C:\WINDOWS\System32\gdi32full.dll
0x00007ffa83e40000 - 0x00007ffa83ede000 	C:\WINDOWS\System32\msvcp_win.dll
0x00007ffa842d0000 - 0x00007ffa843ca000 	C:\WINDOWS\System32\ucrtbase.dll
0x00007ffa75680000 - 0x00007ffa75904000 	C:\WINDOWS\WinSxS\amd64_microsoft.windows.common-controls_6595b64144ccf1df_6.0.18362.836_none_e6c4b943130f18ed\COMCTL32.dll
0x00007ffa85ca0000 - 0x00007ffa85fd6000 	C:\WINDOWS\System32\combase.dll
0x00007ffa843d0000 - 0x00007ffa84450000 	C:\WINDOWS\System32\bcryptPrimitives.dll
0x00007ffa850a0000 - 0x00007ffa850ce000 	C:\WINDOWS\System32\IMM32.DLL
0x00000000587e0000 - 0x00000000588b1000 	C:\Program Files\Android\Jdk\microsoft_dist_openjdk_1.8.0.25\jre\bin\msvcr100.dll
0x00000000574f0000 - 0x0000000057d35000 	C:\Program Files\Android\Jdk\microsoft_dist_openjdk_1.8.0.25\jre\bin\server\jvm.dll
0x00007ffa852c0000 - 0x00007ffa852c8000 	C:\WINDOWS\System32\PSAPI.DLL
0x00007ffa7d8e0000 - 0x00007ffa7d8e9000 	C:\WINDOWS\SYSTEM32\WSOCK32.dll
0x00007ffa6e550000 - 0x00007ffa6e574000 	C:\WINDOWS\SYSTEM32\WINMM.dll
0x00007ffa7f990000 - 0x00007ffa7f99a000 	C:\WINDOWS\SYSTEM32\VERSION.dll
0x00007ffa85180000 - 0x00007ffa851ef000 	C:\WINDOWS\System32\WS2_32.dll
0x00007ffa7aa50000 - 0x00007ffa7aa7d000 	C:\WINDOWS\SYSTEM32\winmmbase.dll
0x00007ffa84450000 - 0x00007ffa8449a000 	C:\WINDOWS\System32\cfgmgr32.dll
0x00007ffa7fd70000 - 0x00007ffa7fd7f000 	C:\Program Files\Android\Jdk\microsoft_dist_openjdk_1.8.0.25\jre\bin\verify.dll
0x00007ffa75180000 - 0x00007ffa751a9000 	C:\Program Files\Android\Jdk\microsoft_dist_openjdk_1.8.0.25\jre\bin\java.dll
0x00007ffa7d510000 - 0x00007ffa7d526000 	C:\Program Files\Android\Jdk\microsoft_dist_openjdk_1.8.0.25\jre\bin\zip.dll
0x00007ffa84730000 - 0x00007ffa84e14000 	C:\WINDOWS\System32\SHELL32.dll
0x00007ffa844f0000 - 0x00007ffa84599000 	C:\WINDOWS\System32\shcore.dll
0x00007ffa833d0000 - 0x00007ffa83b4e000 	C:\WINDOWS\System32\windows.storage.dll
0x00007ffa833a0000 - 0x00007ffa833c3000 	C:\WINDOWS\System32\profapi.dll
0x00007ffa83350000 - 0x00007ffa8339a000 	C:\WINDOWS\System32\powrprof.dll
0x00007ffa83300000 - 0x00007ffa83310000 	C:\WINDOWS\System32\UMPDC.dll
0x00007ffa84600000 - 0x00007ffa84652000 	C:\WINDOWS\System32\shlwapi.dll
0x00007ffa83310000 - 0x00007ffa83321000 	C:\WINDOWS\System32\kernel.appcore.dll
0x00007ffa844a0000 - 0x00007ffa844b7000 	C:\WINDOWS\System32\cryptsp.dll
0x00007ffa79db0000 - 0x00007ffa79dca000 	C:\Program Files\Android\jdk\microsoft_dist_openjdk_1.8.0.25\jre\bin\net.dll
0x00007ffa82b10000 - 0x00007ffa82b77000 	C:\WINDOWS\system32\mswsock.dll
0x00007ffa75160000 - 0x00007ffa75171000 	C:\Program Files\Android\jdk\microsoft_dist_openjdk_1.8.0.25\jre\bin\nio.dll

VM Arguments:
jvm_args: -Xmx1G 
java_command: com.android.tools.r8.D8 --release --min-api 21 --output obj\Release\90\android\bin\ --lib C:\Program Files (x86)\Android\android-sdk\platforms\android-28\android.jar obj\Release\90\android\bin\classes.zip C:\Program Files (x86)\Microsoft Visual Studio\2019\Enterprise\Common7\IDE\ReferenceAssemblies\Microsoft\Framework\MonoAndroid\v9.0\mono.android.jar C:\Program Files (x86)\Microsoft Visual Studio\2019\Enterprise\MSBuild\Xamarin\Android\\java_runtime.jar obj\Release\90\lp\1\jl\formsviewgroup.jar obj\Release\90\lp\6\jl\android.arch.core.common.jar obj\Release\90\lp\7\jl\bin\classes.jar obj\Release\90\lp\8\jl\android.arch.lifecycle.common.jar obj\Release\90\lp\9\jl\bin\classes.jar obj\Release\90\lp\10\jl\bin\classes.jar obj\Release\90\lp\11\jl\bin\classes.jar obj\Release\90\lp\12\jl\bin\classes.jar obj\Release\90\lp\13\jl\bin\classes.jar obj\Release\90\lp\14\jl\com.android.support.support-annotations.jar obj\Release\90\lp\15\jl\bin\classes.jar obj\Release\90\lp\16\jl\com.android.support.collections.jar obj\Release\90\lp\17\jl\bin\classes.jar obj\Release\90\lp\18\jl\bin\classes.jar obj\Release\90\lp\19\jl\bin\classes.jar obj\Release\90\lp\20\jl\bin\classes.jar obj\Release\90\lp\21\jl\bin\classes.jar obj\Release\90\lp\22\jl\bin\classes.jar obj\Release\90\lp\23\jl\bin\classes.jar obj\Release\90\lp\24\jl\bin\classes.jar obj\Release\90\lp\25\jl\bin\classes.jar obj\Release\90\lp\26\jl\bin\classes.jar obj\Release\90\lp\27\jl\bin\classes.jar obj\Release\90\lp\28\jl\bin\classes.jar obj\Release\90\lp\29\jl\bin\classes.jar obj\Release\90\lp\30\jl\bin\classes.jar obj\Release\90\lp\31\jl\bin\classes.jar obj\Release\90\lp\32\jl\bin\classes.jar obj\Release\90\lp\33\jl\bin\classes.jar obj\Release\90\lp\34\jl\bin\classes.jar obj\Release\90\lp\35\jl\bin\classes.jar obj\Release\90\lp\37\jl\bin\classes.jar obj\Release\90\lp\38\jl\bin\classes.jar obj\Release\90\lp\39\jl\bin\classes.jar obj\Release\90\lp\40\jl\bin\classes.jar obj\Release\90\lp\41\jl\bin\classes.jar obj\Rele
java_class_path (initial): C:\Program Files (x86)\Microsoft Visual Studio\2019\Enterprise\MSBuild\Xamarin\Android\r8.jar
Launcher Type: SUN_STANDARD

Environment Variables:
PATH=C:\Program Files\Android\Jdk\microsoft_dist_openjdk_1.8.0.25\bin;C:\WINDOWS\system32;C:\WINDOWS;C:\WINDOWS\System32\Wbem;C:\WINDOWS\System32\WindowsPowerShell\v1.0\;C:\WINDOWS\System32\OpenSSH\;C:\Program Files\dotnet\;C:\Program Files\Microsoft SQL Server\130\Tools\Binn\;C:\Program Files\Microsoft SQL Server\Client SDK\ODBC\170\Tools\Binn\;C:\Program Files (x86)\Microsoft SQL Server\Client SDK\ODBC\130\Tools\Binn\;C:\Program Files (x86)\Microsoft SQL Server\140\Tools\Binn\;C:\Program Files (x86)\Microsoft SQL Server\140\DTS\Binn\;C:\Program Files (x86)\Microsoft SQL Server\140\Tools\Binn\ManagementStudio\;C:\Program Files\mosquitto;C:\Users\PC\AppData\Local\Microsoft\WindowsApps;C:\Users\PC\AppData\Local\GitHubDesktop\bin;C:\Users\PC\.dotnet\tools
USERNAME=PC
OS=Windows_NT
PROCESSOR_IDENTIFIER=Intel64 Family 6 Model 94 Stepping 3, GenuineIntel



---------------  S Y S T E M  ---------------

OS: Windows 10.0 , 64 bit Build 18362 (10.0.18362.778)

CPU:total 8 (initial active 8) (4 cores per cpu, 2 threads per core) family 6 model 94 stepping 3, cmov, cx8, fxsr, mmx, sse, sse2, sse3, ssse3, sse4.1, sse4.2, popcnt, avx, avx2, aes, clmul, erms, rtm, 3dnowpref, lzcnt, ht, tsc, tscinvbit, bmi1, bmi2, adx

Memory: 4k page, physical 33420396k(6847108k free), swap 33420396k(5128k free)

vm_info: OpenJDK 64-Bit Server VM (25.71-b00) for windows-amd64 JRE (1.8.0-25-microsoft-b00), built on Feb  7 2019 20:09:14 by "builder" with MS VC++ 10.0 (VS2010)

time: Tue Jun 09 17:06:06 2020
timezone: SE Asia Standard Time
elapsed time: 0 seconds (0d 0h 0m 0s)

