#
# There is insufficient memory for the Java Runtime Environment to continue.
# Native memory allocation (malloc) failed to allocate 1093136 bytes for Chunk::new
# Possible reasons:
#   The system is out of physical RAM or swap space
#   The process is running with CompressedOops enabled, and the Java Heap may be blocking the growth of the native heap
# Possible solutions:
#   Reduce memory load on the system
#   Increase physical memory or swap space
#   Check if swap backing store is full
#   Decrease Java heap size (-Xmx/-Xms)
#   Decrease number of Java threads
#   Decrease Java thread stack sizes (-Xss)
#   Set larger code cache with -XX:ReservedCodeCacheSize=
#   JVM is running with Unscaled Compressed Oops mode in which the Java heap is
#     placed in the first 4GB address space. The Java Heap base address is the
#     maximum limit for the native heap growth. Please use -XX:HeapBaseMinAddress
#     to set the Java Heap base and to place the Java Heap above 4GB virtual address.
# This output file may be truncated or incomplete.
#
#  Out of Memory Error (allocation.cpp:389), pid=54052, tid=0x0000000000009b0c
#
# JRE version: OpenJDK Runtime Environment (8.0) (build 1.8.0-25-microsoft-b00)
# Java VM: OpenJDK 64-Bit Server VM (25.71-b00 mixed mode windows-amd64 compressed oops)
# Failed to write core dump. Minidumps are not enabled by default on client versions of Windows
#

---------------  T H R E A D  ---------------

Current thread (0x000000001784c000):  JavaThread "C2 CompilerThread1" daemon [_thread_in_native, id=39692, stack(0x0000000018220000,0x0000000018320000)]

Stack: [0x0000000018220000,0x0000000018320000]
[error occurred during error reporting (printing stack bounds), id 0xc0000005]

Native frames: (J=compiled Java code, j=interpreted, Vv=VM code, C=native code)


Current CompileTask:
C2:   2686 2512       4       com.android.tools.r8.shaking.Enqueuer::a (468 bytes)


---------------  P R O C E S S  ---------------

Java Threads: ( => current thread )
  0x0000000018c33000 JavaThread "ForkJoinPool-1-worker-0" daemon [_thread_blocked, id=47024, stack(0x0000000019220000,0x0000000019320000)]
  0x0000000018b38000 JavaThread "ForkJoinPool-1-worker-3" daemon [_thread_blocked, id=48612, stack(0x0000000019120000,0x0000000019220000)]
  0x0000000018b23000 JavaThread "ForkJoinPool-1-worker-2" daemon [_thread_blocked, id=12264, stack(0x0000000019020000,0x0000000019120000)]
  0x0000000018b1a000 JavaThread "ForkJoinPool-1-worker-1" daemon [_thread_blocked, id=49352, stack(0x0000000018f20000,0x0000000019020000)]
  0x00000000178e8800 JavaThread "Service Thread" daemon [_thread_blocked, id=10740, stack(0x0000000018520000,0x0000000018620000)]
  0x0000000017867800 JavaThread "C1 CompilerThread3" daemon [_thread_blocked, id=9580, stack(0x0000000018420000,0x0000000018520000)]
  0x000000001785b800 JavaThread "C2 CompilerThread2" daemon [_thread_in_native, id=18920, stack(0x0000000018320000,0x0000000018420000)]
=>0x000000001784c000 JavaThread "C2 CompilerThread1" daemon [_thread_in_native, id=39692, stack(0x0000000018220000,0x0000000018320000)]
  0x000000001784a000 JavaThread "C2 CompilerThread0" daemon [_thread_in_native, id=2988, stack(0x0000000018120000,0x0000000018220000)]
  0x0000000017849000 JavaThread "Attach Listener" daemon [_thread_blocked, id=12896, stack(0x0000000018020000,0x0000000018120000)]
  0x0000000017848000 JavaThread "Signal Dispatcher" daemon [_thread_blocked, id=27180, stack(0x0000000017f20000,0x0000000018020000)]
  0x0000000017840800 JavaThread "Finalizer" daemon [_thread_blocked, id=28396, stack(0x0000000017d20000,0x0000000017e20000)]
  0x0000000015a3c000 JavaThread "Reference Handler" daemon [_thread_blocked, id=21588, stack(0x0000000017c20000,0x0000000017d20000)]
  0x0000000002e22800 JavaThread "main" [_thread_in_Java, id=34672, stack(0x0000000002d20000,0x0000000002e20000)]

Other Threads:
  0x0000000015a38000 VMThread [stack: 0x0000000017720000,0x0000000017820000] [id=51544]
  0x00000000178e9000 WatcherThread [stack: 0x0000000018620000,0x0000000018720000] [id=27948]

VM state:not at safepoint (normal execution)

VM Mutex/Monitor currently owned by a thread: None

heap address: 0x00000000c0000000, size: 1024 MB, Compressed Oops mode: 32-bit
Narrow klass base: 0x0000000000000000, Narrow klass shift: 3
Compressed class space size: 1073741824 Address: 0x0000000100000000

Heap:
 PSYoungGen      total 283648K, used 94071K [0x00000000eab00000, 0x0000000100000000, 0x0000000100000000)
  eden space 262144K, 27% used [0x00000000eab00000,0x00000000ef1de420,0x00000000fab00000)
  from space 21504K, 99% used [0x00000000fab00000,0x00000000fbfff9d8,0x00000000fc000000)
  to   space 21504K, 0% used [0x00000000feb00000,0x00000000feb00000,0x0000000100000000)
 ParOldGen       total 348160K, used 98504K [0x00000000c0000000, 0x00000000d5400000, 0x00000000eab00000)
  object space 348160K, 28% used [0x00000000c0000000,0x00000000c6032358,0x00000000d5400000)
 Metaspace       used 10780K, capacity 11372K, committed 11648K, reserved 1058816K
  class space    used 1219K, capacity 1362K, committed 1408K, reserved 1048576K

Card table byte_map: [0x00000000122e0000,0x00000000124f0000] byte_map_base: 0x0000000011ce0000

Marking Bits: (ParMarkBitMap*) 0x0000000057cb8f30
 Begin Bits: [0x0000000012e50000, 0x0000000013e50000)
 End Bits:   [0x0000000013e50000, 0x0000000014e50000)

Polling page: 0x0000000001080000

CodeCache: size=245760Kb used=8708Kb max_used=8708Kb free=237051Kb
 bounds [0x0000000002f20000, 0x00000000037b0000, 0x0000000011f20000]
 total_blobs=2963 nmethods=2624 adapters=252
 compilation: enabled

Compilation events (10 events):
Event: 2.652 Thread 0x0000000017867800 2668       3       java.util.Arrays::equals (78 bytes)
Event: 2.652 Thread 0x0000000017867800 nmethod 2668 0x00000000037a6910 code [0x00000000037a6aa0, 0x00000000037a6f88]
Event: 2.654 Thread 0x0000000017867800 2669       2       com.android.tools.r8.t.a.a.G.e::a (18 bytes)
Event: 2.654 Thread 0x0000000017867800 nmethod 2669 0x00000000037a7110 code [0x00000000037a7280, 0x00000000037a7438]
Event: 2.654 Thread 0x0000000017867800 2670       2       com.android.tools.r8.t.a.a.u::a (16 bytes)
Event: 2.654 Thread 0x0000000017867800 nmethod 2670 0x000000000379ff90 code [0x00000000037a0100, 0x00000000037a0288]
Event: 2.670 Thread 0x0000000017867800 2671       2       com.android.tools.r8.t.a.a.G.b::a (81 bytes)
Event: 2.671 Thread 0x0000000017867800 nmethod 2671 0x00000000037a7510 code [0x00000000037a76a0, 0x00000000037a7a78]
Event: 2.671 Thread 0x0000000017867800 2672       2       com.android.tools.r8.t.a.a.G.b::<init> (12 bytes)
Event: 2.671 Thread 0x0000000017867800 nmethod 2672 0x00000000037a7c10 code [0x00000000037a7d80, 0x00000000037a7f28]

GC Heap History (6 events):
Event: 0.702 GC heap before
{Heap before GC invocations=1 (full 0):
 PSYoungGen      total 152576K, used 131072K [0x00000000eab00000, 0x00000000f5500000, 0x0000000100000000)
  eden space 131072K, 100% used [0x00000000eab00000,0x00000000f2b00000,0x00000000f2b00000)
  from space 21504K, 0% used [0x00000000f4000000,0x00000000f4000000,0x00000000f5500000)
  to   space 21504K, 0% used [0x00000000f2b00000,0x00000000f2b00000,0x00000000f4000000)
 ParOldGen       total 348160K, used 0K [0x00000000c0000000, 0x00000000d5400000, 0x00000000eab00000)
  object space 348160K, 0% used [0x00000000c0000000,0x00000000c0000000,0x00000000d5400000)
 Metaspace       used 9323K, capacity 9680K, committed 9984K, reserved 1058816K
  class space    used 1067K, capacity 1174K, committed 1280K, reserved 1048576K
Event: 0.718 GC heap after
Heap after GC invocations=1 (full 0):
 PSYoungGen      total 152576K, used 21483K [0x00000000eab00000, 0x00000000fd500000, 0x0000000100000000)
  eden space 131072K, 0% used [0x00000000eab00000,0x00000000eab00000,0x00000000f2b00000)
  from space 21504K, 99% used [0x00000000f2b00000,0x00000000f3ffac78,0x00000000f4000000)
  to   space 21504K, 0% used [0x00000000fc000000,0x00000000fc000000,0x00000000fd500000)
 ParOldGen       total 348160K, used 10619K [0x00000000c0000000, 0x00000000d5400000, 0x00000000eab00000)
  object space 348160K, 3% used [0x00000000c0000000,0x00000000c0a5ed30,0x00000000d5400000)
 Metaspace       used 9323K, capacity 9680K, committed 9984K, reserved 1058816K
  class space    used 1067K, capacity 1174K, committed 1280K, reserved 1048576K
}
Event: 0.968 GC heap before
{Heap before GC invocations=2 (full 0):
 PSYoungGen      total 152576K, used 152555K [0x00000000eab00000, 0x00000000fd500000, 0x0000000100000000)
  eden space 131072K, 100% used [0x00000000eab00000,0x00000000f2b00000,0x00000000f2b00000)
  from space 21504K, 99% used [0x00000000f2b00000,0x00000000f3ffac78,0x00000000f4000000)
  to   space 21504K, 0% used [0x00000000fc000000,0x00000000fc000000,0x00000000fd500000)
 ParOldGen       total 348160K, used 10619K [0x00000000c0000000, 0x00000000d5400000, 0x00000000eab00000)
  object space 348160K, 3% used [0x00000000c0000000,0x00000000c0a5ed30,0x00000000d5400000)
 Metaspace       used 9532K, capacity 9984K, committed 10240K, reserved 1058816K
  class space    used 1085K, capacity 1180K, committed 1280K, reserved 1048576K
Event: 0.994 GC heap after
Heap after GC invocations=2 (full 0):
 PSYoungGen      total 283648K, used 21472K [0x00000000eab00000, 0x00000000fd500000, 0x0000000100000000)
  eden space 262144K, 0% used [0x00000000eab00000,0x00000000eab00000,0x00000000fab00000)
  from space 21504K, 99% used [0x00000000fc000000,0x00000000fd4f81b0,0x00000000fd500000)
  to   space 21504K, 0% used [0x00000000fab00000,0x00000000fab00000,0x00000000fc000000)
 ParOldGen       total 348160K, used 29381K [0x00000000c0000000, 0x00000000d5400000, 0x00000000eab00000)
  object space 348160K, 8% used [0x00000000c0000000,0x00000000c1cb1618,0x00000000d5400000)
 Metaspace       used 9532K, capacity 9984K, committed 10240K, reserved 1058816K
  class space    used 1085K, capacity 1180K, committed 1280K, reserved 1048576K
}
Event: 2.423 GC heap before
{Heap before GC invocations=3 (full 0):
 PSYoungGen      total 283648K, used 283616K [0x00000000eab00000, 0x00000000fd500000, 0x0000000100000000)
  eden space 262144K, 100% used [0x00000000eab00000,0x00000000fab00000,0x00000000fab00000)
  from space 21504K, 99% used [0x00000000fc000000,0x00000000fd4f81b0,0x00000000fd500000)
  to   space 21504K, 0% used [0x00000000fab00000,0x00000000fab00000,0x00000000fc000000)
 ParOldGen       total 348160K, used 29381K [0x00000000c0000000, 0x00000000d5400000, 0x00000000eab00000)
  object space 348160K, 8% used [0x00000000c0000000,0x00000000c1cb1618,0x00000000d5400000)
 Metaspace       used 10683K, capacity 11252K, committed 11392K, reserved 1058816K
  class space    used 1214K, capacity 1326K, committed 1408K, reserved 1048576K
Event: 2.486 GC heap after
Heap after GC invocations=3 (full 0):
 PSYoungGen      total 283648K, used 21502K [0x00000000eab00000, 0x0000000100000000, 0x0000000100000000)
  eden space 262144K, 0% used [0x00000000eab00000,0x00000000eab00000,0x00000000fab00000)
  from space 21504K, 99% used [0x00000000fab00000,0x00000000fbfff9d8,0x00000000fc000000)
  to   space 21504K, 0% used [0x00000000feb00000,0x00000000feb00000,0x0000000100000000)
 ParOldGen       total 348160K, used 98504K [0x00000000c0000000, 0x00000000d5400000, 0x00000000eab00000)
  object space 348160K, 28% used [0x00000000c0000000,0x00000000c6032358,0x00000000d5400000)
 Metaspace       used 10683K, capacity 11252K, committed 11392K, reserved 1058816K
  class space    used 1214K, capacity 1326K, committed 1408K, reserved 1048576K
}

Deoptimization events (10 events):
Event: 2.280 Thread 0x0000000002e22800 Uncommon trap: reason=class_check action=maybe_recompile pc=0x00000000035c9b28 method=com.android.tools.r8.graph.C.hashCode()I @ 1
Event: 2.517 Thread 0x0000000002e22800 Uncommon trap: reason=unstable_if action=reinterpret pc=0x000000000362c7ec method=com.android.tools.r8.graph.DexClass.b(Lcom/android/tools/r8/graph/DexMethod;)Lcom/android/tools/r8/graph/DexEncodedMethod; @ 7
Event: 2.518 Thread 0x0000000002e22800 Uncommon trap: reason=unstable_if action=reinterpret pc=0x000000000362ff70 method=com.android.tools.r8.graph.DexClass.b(Lcom/android/tools/r8/graph/DexMethod;)Lcom/android/tools/r8/graph/DexEncodedMethod; @ 7
Event: 2.518 Thread 0x0000000002e22800 Uncommon trap: reason=unstable_if action=reinterpret pc=0x00000000035fe228 method=com.android.tools.r8.graph.DexClass.b(Lcom/android/tools/r8/graph/DexMethod;)Lcom/android/tools/r8/graph/DexEncodedMethod; @ 7
Event: 2.520 Thread 0x0000000002e22800 Uncommon trap: reason=class_check action=maybe_recompile pc=0x00000000034b5260 method=java.util.HashMap.putVal(ILjava/lang/Object;Ljava/lang/Object;ZZ)Ljava/lang/Object; @ 253
Event: 2.520 Thread 0x0000000002e22800 Uncommon trap: reason=class_check action=maybe_recompile pc=0x00000000034b5260 method=java.util.HashMap.putVal(ILjava/lang/Object;Ljava/lang/Object;ZZ)Ljava/lang/Object; @ 253
Event: 2.522 Thread 0x0000000002e22800 Uncommon trap: reason=unstable_if action=reinterpret pc=0x0000000003725b44 method=java.util.HashMap.putVal(ILjava/lang/Object;Ljava/lang/Object;ZZ)Ljava/lang/Object; @ 193
Event: 2.522 Thread 0x0000000002e22800 Uncommon trap: reason=unstable_if action=reinterpret pc=0x00000000034b6464 method=java.util.HashMap.putVal(ILjava/lang/Object;Ljava/lang/Object;ZZ)Ljava/lang/Object; @ 193
Event: 2.531 Thread 0x0000000002e22800 Uncommon trap: reason=unstable_if action=reinterpret pc=0x000000000344bda0 method=com.android.tools.r8.t.a.a.B.d(Ljava/lang/String;)Lcom/android/tools/r8/t/a/a/B; @ 11
Event: 2.531 Thread 0x0000000002e22800 Uncommon trap: reason=unstable_if action=reinterpret pc=0x00000000033e7040 method=com.android.tools.r8.t.a.a.B.b()Ljava/lang/String; @ 34

Classes redefined (0 events):
No events

Internal exceptions (10 events):
Event: 0.415 Thread 0x0000000002e22800 Implicit null exception at 0x00000000031702e5 to 0x0000000003170951
Event: 0.418 Thread 0x0000000002e22800 Implicit null exception at 0x000000000316e878 to 0x000000000316ed3d
Event: 0.452 Thread 0x0000000002e22800 Exception <a 'java/security/PrivilegedActionException'> (0x00000000ecdaece8) thrown at [D:\j\worksp~1\openjd~3\jdk8u\hotspot\src\share\vm\prims\jvm.cpp, line 1508]
Event: 0.452 Thread 0x0000000002e22800 Exception <a 'java/security/PrivilegedActionException'> (0x00000000ecdaeef8) thrown at [D:\j\worksp~1\openjd~3\jdk8u\hotspot\src\share\vm\prims\jvm.cpp, line 1508]
Event: 0.452 Thread 0x0000000002e22800 Exception <a 'java/security/PrivilegedActionException'> (0x00000000ecdb31a8) thrown at [D:\j\worksp~1\openjd~3\jdk8u\hotspot\src\share\vm\prims\jvm.cpp, line 1508]
Event: 0.452 Thread 0x0000000002e22800 Exception <a 'java/security/PrivilegedActionException'> (0x00000000ecdb33b8) thrown at [D:\j\worksp~1\openjd~3\jdk8u\hotspot\src\share\vm\prims\jvm.cpp, line 1508]
Event: 0.452 Thread 0x0000000002e22800 Exception <a 'java/security/PrivilegedActionException'> (0x00000000ecdb4af8) thrown at [D:\j\worksp~1\openjd~3\jdk8u\hotspot\src\share\vm\prims\jvm.cpp, line 1508]
Event: 0.452 Thread 0x0000000002e22800 Exception <a 'java/security/PrivilegedActionException'> (0x00000000ecdb4d08) thrown at [D:\j\worksp~1\openjd~3\jdk8u\hotspot\src\share\vm\prims\jvm.cpp, line 1508]
Event: 2.132 Thread 0x0000000002e22800 Implicit null exception at 0x0000000003423866 to 0x0000000003424415
Event: 2.132 Thread 0x0000000002e22800 Implicit null exception at 0x0000000003423866 to 0x0000000003424415

Events (10 events):
Event: 2.637 Thread 0x0000000002e22800 DEOPT PACKING pc=0x00000000036b23f2 sp=0x0000000002e1e420
Event: 2.637 Thread 0x0000000002e22800 DEOPT UNPACKING pc=0x0000000002f675d0 sp=0x0000000002e1e420 mode 0
Event: 2.657 Thread 0x0000000002e22800 DEOPT PACKING pc=0x00000000036b23f2 sp=0x0000000002e1e420
Event: 2.657 Thread 0x0000000002e22800 DEOPT UNPACKING pc=0x0000000002f675d0 sp=0x0000000002e1e420 mode 0
Event: 2.662 Thread 0x0000000002e22800 DEOPT PACKING pc=0x00000000036b0a4a sp=0x0000000002e1e420
Event: 2.663 Thread 0x0000000002e22800 DEOPT UNPACKING pc=0x0000000002f675d0 sp=0x0000000002e1e418 mode 0
Event: 2.665 Thread 0x0000000002e22800 DEOPT PACKING pc=0x00000000036b0bb0 sp=0x0000000002e1e420
Event: 2.665 Thread 0x0000000002e22800 DEOPT UNPACKING pc=0x0000000002f675d0 sp=0x0000000002e1e420 mode 0
Event: 2.669 Thread 0x0000000002e22800 DEOPT PACKING pc=0x00000000036b23f2 sp=0x0000000002e1e420
Event: 2.669 Thread 0x0000000002e22800 DEOPT UNPACKING pc=0x0000000002f675d0 sp=0x0000000002e1e420 mode 0


Dynamic libraries:
0x00007ff7c8730000 - 0x00007ff7c8765000 	C:\Program Files\Android\Jdk\microsoft_dist_openjdk_1.8.0.25\bin\java.exe
0x00007ffa86440000 - 0x00007ffa86630000 	C:\WINDOWS\SYSTEM32\ntdll.dll
0x00007ffa85960000 - 0x00007ffa85a12000 	C:\WINDOWS\System32\KERNEL32.DLL
0x00007ffa83ee0000 - 0x00007ffa84184000 	C:\WINDOWS\System32\KERNELBASE.dll
0x00007ffa84680000 - 0x00007ffa84723000 	C:\WINDOWS\System32\ADVAPI32.dll
0x00007ffa84e90000 - 0x00007ffa84f2e000 	C:\WINDOWS\System32\msvcrt.dll
0x00007ffa86040000 - 0x00007ffa860d7000 	C:\WINDOWS\System32\sechost.dll
0x00007ffa86230000 - 0x00007ffa86350000 	C:\WINDOWS\System32\RPCRT4.dll
0x00007ffa85740000 - 0x00007ffa858d4000 	C:\WINDOWS\System32\USER32.dll
0x00007ffa84190000 - 0x00007ffa841b1000 	C:\WINDOWS\System32\win32u.dll
0x00007ffa85150000 - 0x00007ffa85176000 	C:\WINDOWS\System32\GDI32.dll
0x00007ffa83b50000 - 0x00007ffa83ce4000 	C:\WINDOWS\System32\gdi32full.dll
0x00007ffa83e40000 - 0x00007ffa83ede000 	C:\WINDOWS\System32\msvcp_win.dll
0x00007ffa842d0000 - 0x00007ffa843ca000 	C:\WINDOWS\System32\ucrtbase.dll
0x00007ffa75680000 - 0x00007ffa75904000 	C:\WINDOWS\WinSxS\amd64_microsoft.windows.common-controls_6595b64144ccf1df_6.0.18362.836_none_e6c4b943130f18ed\COMCTL32.dll
0x00007ffa85ca0000 - 0x00007ffa85fd6000 	C:\WINDOWS\System32\combase.dll
0x00007ffa843d0000 - 0x00007ffa84450000 	C:\WINDOWS\System32\bcryptPrimitives.dll
0x00007ffa850a0000 - 0x00007ffa850ce000 	C:\WINDOWS\System32\IMM32.DLL
0x00000000587e0000 - 0x00000000588b1000 	C:\Program Files\Android\Jdk\microsoft_dist_openjdk_1.8.0.25\jre\bin\msvcr100.dll
0x00000000574f0000 - 0x0000000057d35000 	C:\Program Files\Android\Jdk\microsoft_dist_openjdk_1.8.0.25\jre\bin\server\jvm.dll
0x00007ffa852c0000 - 0x00007ffa852c8000 	C:\WINDOWS\System32\PSAPI.DLL
0x00007ffa7d8e0000 - 0x00007ffa7d8e9000 	C:\WINDOWS\SYSTEM32\WSOCK32.dll
0x00007ffa6e550000 - 0x00007ffa6e574000 	C:\WINDOWS\SYSTEM32\WINMM.dll
0x00007ffa85180000 - 0x00007ffa851ef000 	C:\WINDOWS\System32\WS2_32.dll
0x00007ffa7f990000 - 0x00007ffa7f99a000 	C:\WINDOWS\SYSTEM32\VERSION.dll
0x00007ffa7aa50000 - 0x00007ffa7aa7d000 	C:\WINDOWS\SYSTEM32\winmmbase.dll
0x00007ffa84450000 - 0x00007ffa8449a000 	C:\WINDOWS\System32\cfgmgr32.dll
0x00007ffa7fd70000 - 0x00007ffa7fd7f000 	C:\Program Files\Android\Jdk\microsoft_dist_openjdk_1.8.0.25\jre\bin\verify.dll
0x00007ffa75180000 - 0x00007ffa751a9000 	C:\Program Files\Android\Jdk\microsoft_dist_openjdk_1.8.0.25\jre\bin\java.dll
0x00007ffa7d510000 - 0x00007ffa7d526000 	C:\Program Files\Android\Jdk\microsoft_dist_openjdk_1.8.0.25\jre\bin\zip.dll
0x00007ffa84730000 - 0x00007ffa84e14000 	C:\WINDOWS\System32\SHELL32.dll
0x00007ffa844f0000 - 0x00007ffa84599000 	C:\WINDOWS\System32\shcore.dll
0x00007ffa833d0000 - 0x00007ffa83b4e000 	C:\WINDOWS\System32\windows.storage.dll
0x00007ffa833a0000 - 0x00007ffa833c3000 	C:\WINDOWS\System32\profapi.dll
0x00007ffa83350000 - 0x00007ffa8339a000 	C:\WINDOWS\System32\powrprof.dll
0x00007ffa83300000 - 0x00007ffa83310000 	C:\WINDOWS\System32\UMPDC.dll
0x00007ffa84600000 - 0x00007ffa84652000 	C:\WINDOWS\System32\shlwapi.dll
0x00007ffa83310000 - 0x00007ffa83321000 	C:\WINDOWS\System32\kernel.appcore.dll
0x00007ffa844a0000 - 0x00007ffa844b7000 	C:\WINDOWS\System32\cryptsp.dll
0x00007ffa79db0000 - 0x00007ffa79dca000 	C:\Program Files\Android\jdk\microsoft_dist_openjdk_1.8.0.25\jre\bin\net.dll
0x00007ffa82b10000 - 0x00007ffa82b77000 	C:\WINDOWS\system32\mswsock.dll
0x00007ffa75160000 - 0x00007ffa75171000 	C:\Program Files\Android\jdk\microsoft_dist_openjdk_1.8.0.25\jre\bin\nio.dll

VM Arguments:
jvm_args: -Xmx1G 
java_command: com.android.tools.r8.R8 --debug --min-api 21 --output obj\Debug\90\android\bin\ --lib C:\Program Files (x86)\Android\android-sdk\platforms\android-28\android.jar obj\Debug\90\android\bin\classes.zip C:\Program Files (x86)\Microsoft Visual Studio\2019\Enterprise\Common7\IDE\ReferenceAssemblies\Microsoft\Framework\MonoAndroid\v9.0\mono.android.jar C:\Program Files (x86)\Microsoft Visual Studio\2019\Enterprise\MSBuild\Xamarin\Android\java_runtime_fastdev.jar C:\Program Files (x86)\Microsoft Visual Studio\2019\Enterprise\MSBuild\Xamarin\Android\android-support-multidex.jar obj\Debug\90\lp\1\jl\formsviewgroup.jar obj\Debug\90\lp\6\jl\android.arch.core.common.jar obj\Debug\90\lp\7\jl\bin\classes.jar obj\Debug\90\lp\8\jl\android.arch.lifecycle.common.jar obj\Debug\90\lp\9\jl\bin\classes.jar obj\Debug\90\lp\10\jl\bin\classes.jar obj\Debug\90\lp\11\jl\bin\classes.jar obj\Debug\90\lp\12\jl\bin\classes.jar obj\Debug\90\lp\13\jl\bin\classes.jar obj\Debug\90\lp\14\jl\com.android.support.support-annotations.jar obj\Debug\90\lp\15\jl\bin\classes.jar obj\Debug\90\lp\16\jl\com.android.support.collections.jar obj\Debug\90\lp\17\jl\bin\classes.jar obj\Debug\90\lp\18\jl\bin\classes.jar obj\Debug\90\lp\19\jl\bin\classes.jar obj\Debug\90\lp\20\jl\bin\classes.jar obj\Debug\90\lp\21\jl\bin\classes.jar obj\Debug\90\lp\22\jl\bin\classes.jar obj\Debug\90\lp\23\jl\bin\classes.jar obj\Debug\90\lp\24\jl\bin\classes.jar obj\Debug\90\lp\25\jl\bin\classes.jar obj\Debug\90\lp\26\jl\bin\classes.jar obj\Debug\90\lp\27\jl\bin\classes.jar obj\Debug\90\lp\28\jl\bin\classes.jar obj\Debug\90\lp\29\jl\bin\classes.jar obj\Debug\90\lp\30\jl\bin\classes.jar obj\Debug\90\lp\31\jl\bin\classes.jar obj\Debug\90\lp\32\jl\bin\classes.jar obj\Debug\90\lp\33\jl\bin\classes.jar obj\Debug\90\lp\34\jl\bin\classes.jar obj\Debug\90\lp\35\jl\bin\classes.jar obj\Debug\90\lp\37\jl\bin\classes.jar obj\Debug\90\lp\38\jl\bin\classes.jar obj\Debug\90\lp\39\jl\bin\classes.jar obj\Debug\90\lp\40\jl\bin\classes.jar o
java_class_path (initial): C:\Program Files (x86)\Microsoft Visual Studio\2019\Enterprise\MSBuild\Xamarin\Android\r8.jar
Launcher Type: SUN_STANDARD

Environment Variables:
PATH=C:\Program Files\Android\Jdk\microsoft_dist_openjdk_1.8.0.25\bin;C:\WINDOWS\system32;C:\WINDOWS;C:\WINDOWS\System32\Wbem;C:\WINDOWS\System32\WindowsPowerShell\v1.0\;C:\WINDOWS\System32\OpenSSH\;C:\Program Files\dotnet\;C:\Program Files\Microsoft SQL Server\130\Tools\Binn\;C:\Program Files\Microsoft SQL Server\Client SDK\ODBC\170\Tools\Binn\;C:\Program Files (x86)\Microsoft SQL Server\Client SDK\ODBC\130\Tools\Binn\;C:\Program Files (x86)\Microsoft SQL Server\140\Tools\Binn\;C:\Program Files (x86)\Microsoft SQL Server\140\DTS\Binn\;C:\Program Files (x86)\Microsoft SQL Server\140\Tools\Binn\ManagementStudio\;C:\Program Files\mosquitto;C:\Users\PC\AppData\Local\Microsoft\WindowsApps;C:\Users\PC\AppData\Local\GitHubDesktop\bin;C:\Users\PC\.dotnet\tools
USERNAME=PC
OS=Windows_NT
PROCESSOR_IDENTIFIER=Intel64 Family 6 Model 94 Stepping 3, GenuineIntel



---------------  S Y S T E M  ---------------

OS: Windows 10.0 , 64 bit Build 18362 (10.0.18362.778)

CPU:total 8 (initial active 8) (4 cores per cpu, 2 threads per core) family 6 model 94 stepping 3, cmov, cx8, fxsr, mmx, sse, sse2, sse3, ssse3, sse4.1, sse4.2, popcnt, avx, avx2, aes, clmul, erms, rtm, 3dnowpref, lzcnt, ht, tsc, tscinvbit, bmi1, bmi2, adx

Memory: 4k page, physical 33420396k(7016648k free), swap 33420396k(5892k free)

vm_info: OpenJDK 64-Bit Server VM (25.71-b00) for windows-amd64 JRE (1.8.0-25-microsoft-b00), built on Feb  7 2019 20:09:14 by "builder" with MS VC++ 10.0 (VS2010)

time: Wed Jun 10 10:57:14 2020
timezone: SE Asia Standard Time
elapsed time: 2 seconds (0d 0h 0m 2s)

