#
# There is insufficient memory for the Java Runtime Environment to continue.
# Native memory allocation (malloc) failed to allocate 411376 bytes for Chunk::new
# Possible reasons:
#   The system is out of physical RAM or swap space
#   The process is running with CompressedOops enabled, and the Java Heap may be blocking the growth of the native heap
# Possible solutions:
#   Reduce memory load on the system
#   Increase physical memory or swap space
#   Check if swap backing store is full
#   Decrease Java heap size (-Xmx/-Xms)
#   Decrease number of Java threads
#   Decrease Java thread stack sizes (-Xss)
#   Set larger code cache with -XX:ReservedCodeCacheSize=
#   JVM is running with Unscaled Compressed Oops mode in which the Java heap is
#     placed in the first 4GB address space. The Java Heap base address is the
#     maximum limit for the native heap growth. Please use -XX:HeapBaseMinAddress
#     to set the Java Heap base and to place the Java Heap above 4GB virtual address.
# This output file may be truncated or incomplete.
#
#  Out of Memory Error (allocation.cpp:389), pid=51996, tid=0x00000000000067f8
#
# JRE version: OpenJDK Runtime Environment (8.0) (build 1.8.0-25-microsoft-b00)
# Java VM: OpenJDK 64-Bit Server VM (25.71-b00 mixed mode windows-amd64 compressed oops)
# Failed to write core dump. Minidumps are not enabled by default on client versions of Windows
#

---------------  T H R E A D  ---------------

Current thread (0x0000000017b70800):  JavaThread "C2 CompilerThread0" daemon [_thread_in_native, id=26616, stack(0x0000000018440000,0x0000000018540000)]

Stack: [0x0000000018440000,0x0000000018540000]
[error occurred during error reporting (printing stack bounds), id 0xc0000005]

Native frames: (J=compiled Java code, j=interpreted, Vv=VM code, C=native code)


Current CompileTask:
C2:    523 1034       4       com.android.dx.ssa.SCCP::simulateStmt (481 bytes)


---------------  P R O C E S S  ---------------

Java Threads: ( => current thread )
  0x0000000017ecc800 JavaThread "pool-2-thread-1" [_thread_blocked, id=9324, stack(0x0000000019340000,0x0000000019440000)]
  0x0000000017e1d800 JavaThread "pool-1-thread-1" [_thread_in_Java, id=50036, stack(0x0000000019240000,0x0000000019340000)]
  0x0000000017c0d000 JavaThread "Service Thread" daemon [_thread_blocked, id=42344, stack(0x0000000018840000,0x0000000018940000)]
  0x0000000017b87000 JavaThread "C1 CompilerThread3" daemon [_thread_in_vm, id=36152, stack(0x0000000018740000,0x0000000018840000)]
  0x0000000017b77800 JavaThread "C2 CompilerThread2" daemon [_thread_in_native, id=49600, stack(0x0000000018640000,0x0000000018740000)]
  0x0000000017b75000 JavaThread "C2 CompilerThread1" daemon [_thread_in_native, id=45548, stack(0x0000000018540000,0x0000000018640000)]
=>0x0000000017b70800 JavaThread "C2 CompilerThread0" daemon [_thread_in_native, id=26616, stack(0x0000000018440000,0x0000000018540000)]
  0x0000000017b6f800 JavaThread "Attach Listener" daemon [_thread_blocked, id=16396, stack(0x0000000018340000,0x0000000018440000)]
  0x0000000017b6e000 JavaThread "Signal Dispatcher" daemon [_thread_blocked, id=21128, stack(0x0000000018240000,0x0000000018340000)]
  0x0000000003237800 JavaThread "Finalizer" daemon [_thread_blocked, id=52008, stack(0x0000000018040000,0x0000000018140000)]
  0x0000000017b60800 JavaThread "Reference Handler" daemon [_thread_blocked, id=41196, stack(0x0000000017f40000,0x0000000018040000)]
  0x000000000303e000 JavaThread "main" [_thread_in_Java, id=14016, stack(0x0000000003040000,0x0000000003140000)]

Other Threads:
  0x0000000015d58800 VMThread [stack: 0x0000000017a40000,0x0000000017b40000] [id=20228]
  0x0000000017bc7800 WatcherThread [stack: 0x0000000018940000,0x0000000018a40000] [id=49248]

VM state:not at safepoint (normal execution)

VM Mutex/Monitor currently owned by a thread: None

heap address: 0x00000000c0000000, size: 1024 MB, Compressed Oops mode: 32-bit
Narrow klass base: 0x0000000000000000, Narrow klass shift: 3
Compressed class space size: 1073741824 Address: 0x0000000100000000

Heap:
 PSYoungGen      total 152576K, used 57672K [0x00000000eab00000, 0x00000000f5500000, 0x0000000100000000)
  eden space 131072K, 44% used [0x00000000eab00000,0x00000000ee3521e0,0x00000000f2b00000)
  from space 21504K, 0% used [0x00000000f4000000,0x00000000f4000000,0x00000000f5500000)
  to   space 21504K, 0% used [0x00000000f2b00000,0x00000000f2b00000,0x00000000f4000000)
 ParOldGen       total 348160K, used 0K [0x00000000c0000000, 0x00000000d5400000, 0x00000000eab00000)
  object space 348160K, 0% used [0x00000000c0000000,0x00000000c0000000,0x00000000d5400000)
 Metaspace       used 6037K, capacity 7024K, committed 7296K, reserved 1056768K
  class space    used 571K, capacity 616K, committed 640K, reserved 1048576K

Card table byte_map: [0x0000000012600000,0x0000000012810000] byte_map_base: 0x0000000012000000

Marking Bits: (ParMarkBitMap*) 0x0000000064488f30
 Begin Bits: [0x0000000013170000, 0x0000000014170000)
 End Bits:   [0x0000000014170000, 0x0000000015170000)

Polling page: 0x0000000001620000

CodeCache: size=245760Kb used=4657Kb max_used=4657Kb free=241102Kb
 bounds [0x0000000003240000, 0x00000000036e0000, 0x0000000012240000]
 total_blobs=1438 nmethods=1163 adapters=187
 compilation: enabled

Compilation events (10 events):
Event: 0.519 Thread 0x0000000017b87000 nmethod 1171 0x00000000036c5a10 code [0x00000000036c5d00, 0x00000000036c73f8]
Event: 0.519 Thread 0x0000000017b87000 1185       3       java.util.HashMap$HashIterator::nextNode (100 bytes)
Event: 0.520 Thread 0x0000000017b87000 nmethod 1185 0x00000000036c8290 code [0x00000000036c8440, 0x00000000036c8918]
Event: 0.520 Thread 0x0000000017b87000 1186       3       java.util.TreeMap::fixAfterInsertion (267 bytes)
Event: 0.522 Thread 0x0000000017b87000 nmethod 1186 0x00000000036c8b50 code [0x00000000036c8fc0, 0x00000000036cb6d8]
Event: 0.522 Thread 0x0000000017b87000 1182       3       java.util.HashMap::resize (359 bytes)
Event: 0.523 Thread 0x0000000017b87000 nmethod 1182 0x00000000036cc890 code [0x00000000036ccae0, 0x00000000036cdd08]
Event: 0.523 Thread 0x0000000017b87000 1181       3       com.android.dx.util.BitIntSet$1::next (42 bytes)
Event: 0.523 Thread 0x0000000017b87000 nmethod 1181 0x00000000036ce450 code [0x00000000036ce5e0, 0x00000000036ce958]
Event: 0.523 Thread 0x0000000017b87000 1172       3       com.android.dx.ssa.SsaMethod::getGoto (26 bytes)

GC Heap History (0 events):
No events

Deoptimization events (5 events):
Event: 0.322 Thread 0x000000000303e000 Uncommon trap: reason=unstable_if action=reinterpret pc=0x00000000033e5808 method=java.lang.String.startsWith(Ljava/lang/String;I)Z @ 25
Event: 0.367 Thread 0x000000000303e000 Uncommon trap: reason=unstable_if action=reinterpret pc=0x00000000034d3d4c method=java.util.concurrent.ConcurrentHashMap.get(Ljava/lang/Object;)Ljava/lang/Object; @ 152
Event: 0.367 Thread 0x000000000303e000 Uncommon trap: reason=unstable_if action=reinterpret pc=0x00000000034a0a88 method=java.util.concurrent.ConcurrentHashMap.get(Ljava/lang/Object;)Ljava/lang/Object; @ 152
Event: 0.480 Thread 0x000000000303e000 Uncommon trap: reason=class_check action=maybe_recompile pc=0x00000000035cb944 method=java.util.concurrent.ConcurrentHashMap.get(Ljava/lang/Object;)Ljava/lang/Object; @ 149
Event: 0.523 Thread 0x000000000303e000 Uncommon trap: reason=class_check action=maybe_recompile pc=0x00000000035cb944 method=java.util.concurrent.ConcurrentHashMap.get(Ljava/lang/Object;)Ljava/lang/Object; @ 149

Classes redefined (0 events):
No events

Internal exceptions (2 events):
Event: 0.024 Thread 0x000000000303e000 Exception <a 'java/lang/NoSuchMethodError': Method sun.misc.Unsafe.defineClass(Ljava/lang/String;[BII)Ljava/lang/Class; name or signature does not match> (0x00000000eab07cb0) thrown at [D:\j\worksp~1\openjd~3\jdk8u\hotspot\src\share\vm\prims\jni.cpp, line
Event: 0.024 Thread 0x000000000303e000 Exception <a 'java/lang/NoSuchMethodError': Method sun.misc.Unsafe.prefetchRead(Ljava/lang/Object;J)V name or signature does not match> (0x00000000eab07f98) thrown at [D:\j\worksp~1\openjd~3\jdk8u\hotspot\src\share\vm\prims\jni.cpp, line 4012]

Events (10 events):
Event: 0.367 Thread 0x000000000303e000 DEOPT UNPACKING pc=0x000000000328557b sp=0x000000000313e350 mode 2
Event: 0.367 Thread 0x000000000303e000 Uncommon trap: trap_request=0xffffff65 fr.pc=0x00000000034a0a88
Event: 0.367 Thread 0x000000000303e000 DEOPT PACKING pc=0x00000000034a0a88 sp=0x000000000313e2b0
Event: 0.367 Thread 0x000000000303e000 DEOPT UNPACKING pc=0x000000000328557b sp=0x000000000313e240 mode 2
Event: 0.480 Thread 0x000000000303e000 Uncommon trap: trap_request=0xffffffde fr.pc=0x00000000035cb944
Event: 0.480 Thread 0x000000000303e000 DEOPT PACKING pc=0x00000000035cb944 sp=0x000000000313e8d0
Event: 0.480 Thread 0x000000000303e000 DEOPT UNPACKING pc=0x000000000328557b sp=0x000000000313e858 mode 2
Event: 0.523 Thread 0x000000000303e000 Uncommon trap: trap_request=0xffffffde fr.pc=0x00000000035cb944
Event: 0.523 Thread 0x000000000303e000 DEOPT PACKING pc=0x00000000035cb944 sp=0x000000000313e840
Event: 0.523 Thread 0x000000000303e000 DEOPT UNPACKING pc=0x000000000328557b sp=0x000000000313e7b8 mode 2


Dynamic libraries:
0x00007ff60abe0000 - 0x00007ff60ac15000 	C:\Program Files\Android\Jdk\microsoft_dist_openjdk_1.8.0.25\bin\java.exe
0x00007ff9c30a0000 - 0x00007ff9c3290000 	C:\WINDOWS\SYSTEM32\ntdll.dll
0x00007ff9c23c0000 - 0x00007ff9c2472000 	C:\WINDOWS\System32\KERNEL32.DLL
0x00007ff9c0990000 - 0x00007ff9c0c33000 	C:\WINDOWS\System32\KERNELBASE.dll
0x00007ff9c2130000 - 0x00007ff9c21d3000 	C:\WINDOWS\System32\ADVAPI32.dll
0x00007ff9c1e90000 - 0x00007ff9c1f2e000 	C:\WINDOWS\System32\msvcrt.dll
0x00007ff9c1150000 - 0x00007ff9c11e7000 	C:\WINDOWS\System32\sechost.dll
0x00007ff9c2290000 - 0x00007ff9c23b0000 	C:\WINDOWS\System32\RPCRT4.dll
0x00007ff9c1f90000 - 0x00007ff9c2124000 	C:\WINDOWS\System32\USER32.dll
0x00007ff9c0c40000 - 0x00007ff9c0c61000 	C:\WINDOWS\System32\win32u.dll
0x00007ff9c1870000 - 0x00007ff9c1896000 	C:\WINDOWS\System32\GDI32.dll
0x00007ff9c0e80000 - 0x00007ff9c1014000 	C:\WINDOWS\System32\gdi32full.dll
0x00007ff9c0c90000 - 0x00007ff9c0d2e000 	C:\WINDOWS\System32\msvcp_win.dll
0x00007ff9c0090000 - 0x00007ff9c018a000 	C:\WINDOWS\System32\ucrtbase.dll
0x00007ff9a8bb0000 - 0x00007ff9a8e35000 	C:\WINDOWS\WinSxS\amd64_microsoft.windows.common-controls_6595b64144ccf1df_6.0.18362.778_none_e6c6b761130d4fb8\COMCTL32.dll
0x00007ff9c12e0000 - 0x00007ff9c1616000 	C:\WINDOWS\System32\combase.dll
0x00007ff9c10d0000 - 0x00007ff9c1150000 	C:\WINDOWS\System32\bcryptPrimitives.dll
0x00007ff9c2260000 - 0x00007ff9c228e000 	C:\WINDOWS\System32\IMM32.DLL
0x0000000064510000 - 0x00000000645e1000 	C:\Program Files\Android\Jdk\microsoft_dist_openjdk_1.8.0.25\jre\bin\msvcr100.dll
0x0000000063cc0000 - 0x0000000064505000 	C:\Program Files\Android\Jdk\microsoft_dist_openjdk_1.8.0.25\jre\bin\server\jvm.dll
0x00007ff9c11f0000 - 0x00007ff9c11f8000 	C:\WINDOWS\System32\PSAPI.DLL
0x00007ff9bdf30000 - 0x00007ff9bdf54000 	C:\WINDOWS\SYSTEM32\WINMM.dll
0x00007ff9b81c0000 - 0x00007ff9b81c9000 	C:\WINDOWS\SYSTEM32\WSOCK32.dll
0x00007ff9bbfa0000 - 0x00007ff9bbfaa000 	C:\WINDOWS\SYSTEM32\VERSION.dll
0x00007ff9c1800000 - 0x00007ff9c186f000 	C:\WINDOWS\System32\WS2_32.dll
0x00007ff9bdbb0000 - 0x00007ff9bdbdd000 	C:\WINDOWS\SYSTEM32\WINMMBASE.dll
0x00007ff9c0940000 - 0x00007ff9c098a000 	C:\WINDOWS\System32\cfgmgr32.dll
0x00007ff9a8950000 - 0x00007ff9a895f000 	C:\Program Files\Android\Jdk\microsoft_dist_openjdk_1.8.0.25\jre\bin\verify.dll
0x00007ff9a8920000 - 0x00007ff9a8949000 	C:\Program Files\Android\Jdk\microsoft_dist_openjdk_1.8.0.25\jre\bin\java.dll
0x00007ff9a8900000 - 0x00007ff9a8916000 	C:\Program Files\Android\Jdk\microsoft_dist_openjdk_1.8.0.25\jre\bin\zip.dll
0x00007ff9c2640000 - 0x00007ff9c2d25000 	C:\WINDOWS\System32\SHELL32.dll
0x00007ff9c18a0000 - 0x00007ff9c1949000 	C:\WINDOWS\System32\shcore.dll
0x00007ff9c0190000 - 0x00007ff9c0910000 	C:\WINDOWS\System32\windows.storage.dll
0x00007ff9c0000000 - 0x00007ff9c0023000 	C:\WINDOWS\System32\profapi.dll
0x00007ff9bff70000 - 0x00007ff9bffba000 	C:\WINDOWS\System32\powrprof.dll
0x00007ff9bff60000 - 0x00007ff9bff70000 	C:\WINDOWS\System32\UMPDC.dll
0x00007ff9c2ee0000 - 0x00007ff9c2f32000 	C:\WINDOWS\System32\shlwapi.dll
0x00007ff9bffc0000 - 0x00007ff9bffd1000 	C:\WINDOWS\System32\kernel.appcore.dll
0x00007ff9c0c70000 - 0x00007ff9c0c87000 	C:\WINDOWS\System32\cryptsp.dll

VM Arguments:
jvm_args: -Dfile.encoding=UTF8 -Xmx1G 
java_command: C:\Program Files (x86)\Android\android-sdk\build-tools\28.0.3\\lib\dx.jar --dex --no-strict --input-list=C:\Users\PC\AppData\Local\Temp\tmp37DE.tmp --output obj\Debug\90\android\bin
java_class_path (initial): C:\Program Files (x86)\Android\android-sdk\build-tools\28.0.3\\lib\dx.jar
Launcher Type: SUN_STANDARD

Environment Variables:
PATH=C:\Program Files\Android\Jdk\microsoft_dist_openjdk_1.8.0.25\bin;C:\WINDOWS\system32;C:\WINDOWS;C:\WINDOWS\System32\Wbem;C:\WINDOWS\System32\WindowsPowerShell\v1.0\;C:\WINDOWS\System32\OpenSSH\;C:\Program Files\dotnet\;C:\Program Files\Microsoft SQL Server\130\Tools\Binn\;C:\Program Files\Microsoft SQL Server\Client SDK\ODBC\170\Tools\Binn\;C:\Program Files (x86)\Microsoft SQL Server\Client SDK\ODBC\130\Tools\Binn\;C:\Program Files (x86)\Microsoft SQL Server\140\Tools\Binn\;C:\Program Files (x86)\Microsoft SQL Server\140\DTS\Binn\;C:\Program Files (x86)\Microsoft SQL Server\140\Tools\Binn\ManagementStudio\;C:\Program Files\mosquitto;C:\Users\PC\AppData\Local\Microsoft\WindowsApps;C:\Users\PC\AppData\Local\GitHubDesktop\bin;C:\Users\PC\.dotnet\tools
USERNAME=PC
OS=Windows_NT
PROCESSOR_IDENTIFIER=Intel64 Family 6 Model 94 Stepping 3, GenuineIntel



---------------  S Y S T E M  ---------------

OS: Windows 10.0 , 64 bit Build 18362 (10.0.18362.778)

CPU:total 8 (initial active 8) (4 cores per cpu, 2 threads per core) family 6 model 94 stepping 3, cmov, cx8, fxsr, mmx, sse, sse2, sse3, ssse3, sse4.1, sse4.2, popcnt, avx, avx2, aes, clmul, erms, rtm, 3dnowpref, lzcnt, ht, tsc, tscinvbit, bmi1, bmi2, adx

Memory: 4k page, physical 33420396k(3565400k free), swap 33420396k(5132k free)

vm_info: OpenJDK 64-Bit Server VM (25.71-b00) for windows-amd64 JRE (1.8.0-25-microsoft-b00), built on Feb  7 2019 20:09:14 by "builder" with MS VC++ 10.0 (VS2010)

time: Fri May 15 09:16:25 2020
timezone: SE Asia Standard Time
elapsed time: 0 seconds (0d 0h 0m 0s)

