#
# There is insufficient memory for the Java Runtime Environment to continue.
# Native memory allocation (malloc) failed to allocate 1019376 bytes for Chunk::new
# Possible reasons:
#   The system is out of physical RAM or swap space
#   The process is running with CompressedOops enabled, and the Java Heap may be blocking the growth of the native heap
# Possible solutions:
#   Reduce memory load on the system
#   Increase physical memory or swap space
#   Check if swap backing store is full
#   Decrease Java heap size (-Xmx/-Xms)
#   Decrease number of Java threads
#   Decrease Java thread stack sizes (-Xss)
#   Set larger code cache with -XX:ReservedCodeCacheSize=
#   JVM is running with Zero Based Compressed Oops mode in which the Java heap is
#     placed in the first 32GB address space. The Java Heap base address is the
#     maximum limit for the native heap growth. Please use -XX:HeapBaseMinAddress
#     to set the Java Heap base and to place the Java Heap above 32GB virtual address.
# This output file may be truncated or incomplete.
#
#  Out of Memory Error (allocation.cpp:389), pid=50224, tid=0x000000000000a478
#
# JRE version: OpenJDK Runtime Environment (8.0) (build 1.8.0-25-microsoft-b00)
# Java VM: OpenJDK 64-Bit Server VM (25.71-b00 mixed mode windows-amd64 compressed oops)
# Failed to write core dump. Minidumps are not enabled by default on client versions of Windows
#

---------------  T H R E A D  ---------------

Current thread (0x0000000027303000):  JavaThread "C2 CompilerThread1" daemon [_thread_in_native, id=42104, stack(0x0000000027cd0000,0x0000000027dd0000)]

Stack: [0x0000000027cd0000,0x0000000027dd0000]
[error occurred during error reporting (printing stack bounds), id 0xc0000005]

Native frames: (J=compiled Java code, j=interpreted, Vv=VM code, C=native code)


Current CompileTask:
C2:    785  821       4       com.sun.tools.javac.file.ZipFileIndex$ZipDirectory::readEntry (587 bytes)


---------------  P R O C E S S  ---------------

Java Threads: ( => current thread )
  0x0000000027392000 JavaThread "Service Thread" daemon [_thread_blocked, id=19288, stack(0x0000000027fd0000,0x00000000280d0000)]
  0x000000002730f800 JavaThread "C1 CompilerThread3" daemon [_thread_in_native, id=41016, stack(0x0000000027ed0000,0x0000000027fd0000)]
  0x0000000027309800 JavaThread "C2 CompilerThread2" daemon [_thread_in_native, id=51996, stack(0x0000000027dd0000,0x0000000027ed0000)]
=>0x0000000027303000 JavaThread "C2 CompilerThread1" daemon [_thread_in_native, id=42104, stack(0x0000000027cd0000,0x0000000027dd0000)]
  0x0000000027301000 JavaThread "C2 CompilerThread0" daemon [_thread_in_native, id=41432, stack(0x0000000027bd0000,0x0000000027cd0000)]
  0x0000000027300000 JavaThread "Attach Listener" daemon [_thread_blocked, id=39096, stack(0x0000000027ad0000,0x0000000027bd0000)]
  0x00000000272ff000 JavaThread "Signal Dispatcher" daemon [_thread_blocked, id=16396, stack(0x00000000279d0000,0x0000000027ad0000)]
  0x00000000254f2800 JavaThread "Finalizer" daemon [_thread_blocked, id=21128, stack(0x00000000277d0000,0x00000000278d0000)]
  0x0000000002509000 JavaThread "Reference Handler" daemon [_thread_blocked, id=39048, stack(0x00000000276d0000,0x00000000277d0000)]
  0x000000000239e000 JavaThread "main" [_thread_in_Java, id=16516, stack(0x0000000002250000,0x0000000002350000)]

Other Threads:
  0x00000000254e6000 VMThread [stack: 0x00000000271d0000,0x00000000272d0000] [id=30712]
  0x0000000027392800 WatcherThread [stack: 0x00000000280d0000,0x00000000281d0000] [id=39932]

VM state:not at safepoint (normal execution)

VM Mutex/Monitor currently owned by a thread: None

heap address: 0x00000005c2000000, size: 8160 MB, Compressed Oops mode: Zero based, Oop shift amount: 3
Narrow klass base: 0x0000000000000000, Narrow klass shift: 3
Compressed class space size: 1073741824 Address: 0x00000007c0000000

Heap:
 PSYoungGen      total 25600K, used 11375K [0x0000000716000000, 0x0000000718380000, 0x00000007c0000000)
  eden space 18944K, 39% used [0x0000000716000000,0x0000000716738408,0x0000000717280000)
  from space 6656K, 59% used [0x0000000717400000,0x00000007177e3b68,0x0000000717a80000)
  to   space 8704K, 0% used [0x0000000717b00000,0x0000000717b00000,0x0000000718380000)
 ParOldGen       total 20480K, used 11085K [0x00000005c2000000, 0x00000005c3400000, 0x0000000716000000)
  object space 20480K, 54% used [0x00000005c2000000,0x00000005c2ad36b0,0x00000005c3400000)
 Metaspace       used 7804K, capacity 8596K, committed 8960K, reserved 1056768K
  class space    used 881K, capacity 912K, committed 1024K, reserved 1048576K

Card table byte_map: [0x00000000118d0000,0x00000000128d0000] byte_map_base: 0x000000000eac0000

Marking Bits: (ParMarkBitMap*) 0x0000000064488f30
 Begin Bits: [0x0000000013b70000, 0x000000001baf0000)
 End Bits:   [0x000000001baf0000, 0x0000000023a70000)

Polling page: 0x0000000000a10000

CodeCache: size=245760Kb used=4472Kb max_used=4474Kb free=241287Kb
 bounds [0x0000000002510000, 0x0000000002980000, 0x0000000011510000]
 total_blobs=1358 nmethods=1070 adapters=202
 compilation: enabled

Compilation events (10 events):
Event: 0.783 Thread 0x000000002730f800 1086       1       com.sun.tools.javac.code.Type$ClassType::getTag (4 bytes)
Event: 0.784 Thread 0x000000002730f800 nmethod 1086 0x00000000029662d0 code [0x0000000002966420, 0x0000000002966530]
Event: 0.784 Thread 0x000000002730f800 1084       3       com.sun.tools.javac.jvm.ClassReader::readName (55 bytes)
Event: 0.784 Thread 0x000000002730f800 nmethod 1084 0x0000000002966ed0 code [0x0000000002967120, 0x0000000002968038]
Event: 0.784 Thread 0x000000002730f800 1072       3       com.sun.tools.javac.jvm.ClassReader::getChar (28 bytes)
Event: 0.784 Thread 0x000000002730f800 nmethod 1072 0x0000000002965ed0 code [0x0000000002966020, 0x00000000029661d0]
Event: 0.784 Thread 0x000000002730f800 1095       3       com.sun.tools.javac.jvm.ClassReader::readAttrs (95 bytes)
Event: 0.785 Thread 0x000000002730f800 nmethod 1095 0x000000000296f310 code [0x000000000296f560, 0x00000000029701a8]
Event: 0.785 Thread 0x000000002730f800 1085       3       com.sun.tools.javac.util.Names::fromUtf (11 bytes)
Event: 0.785 Thread 0x000000002730f800 nmethod 1085 0x0000000002965a50 code [0x0000000002965bc0, 0x0000000002965de8]

GC Heap History (10 events):
Event: 0.495 GC heap before
{Heap before GC invocations=7 (full 0):
 PSYoungGen      total 14336K, used 14080K [0x0000000716000000, 0x0000000717200000, 0x00000007c0000000)
  eden space 11776K, 100% used [0x0000000716000000,0x0000000716b80000,0x0000000716b80000)
  from space 2560K, 90% used [0x0000000716e80000,0x00000007170c0020,0x0000000717100000)
  to   space 3072K, 0% used [0x0000000716b80000,0x0000000716b80000,0x0000000716e80000)
 ParOldGen       total 5632K, used 2683K [0x00000005c2000000, 0x00000005c2580000, 0x0000000716000000)
  object space 5632K, 47% used [0x00000005c2000000,0x00000005c229eef0,0x00000005c2580000)
 Metaspace       used 7402K, capacity 8308K, committed 8576K, reserved 1056768K
  class space    used 857K, capacity 880K, committed 896K, reserved 1048576K
Event: 0.500 GC heap after
Heap after GC invocations=7 (full 0):
 PSYoungGen      total 14848K, used 3049K [0x0000000716000000, 0x0000000718100000, 0x00000007c0000000)
  eden space 11776K, 0% used [0x0000000716000000,0x0000000716000000,0x0000000716b80000)
  from space 3072K, 99% used [0x0000000716b80000,0x0000000716e7a710,0x0000000716e80000)
  to   space 5120K, 0% used [0x0000000717c00000,0x0000000717c00000,0x0000000718100000)
 ParOldGen       total 5632K, used 5344K [0x00000005c2000000, 0x00000005c2580000, 0x0000000716000000)
  object space 5632K, 94% used [0x00000005c2000000,0x00000005c2538300,0x00000005c2580000)
 Metaspace       used 7402K, capacity 8308K, committed 8576K, reserved 1056768K
  class space    used 857K, capacity 880K, committed 896K, reserved 1048576K
}
Event: 0.500 GC heap before
{Heap before GC invocations=8 (full 1):
 PSYoungGen      total 14848K, used 3049K [0x0000000716000000, 0x0000000718100000, 0x00000007c0000000)
  eden space 11776K, 0% used [0x0000000716000000,0x0000000716000000,0x0000000716b80000)
  from space 3072K, 99% used [0x0000000716b80000,0x0000000716e7a710,0x0000000716e80000)
  to   space 5120K, 0% used [0x0000000717c00000,0x0000000717c00000,0x0000000718100000)
 ParOldGen       total 5632K, used 5344K [0x00000005c2000000, 0x00000005c2580000, 0x0000000716000000)
  object space 5632K, 94% used [0x00000005c2000000,0x00000005c2538300,0x00000005c2580000)
 Metaspace       used 7402K, capacity 8308K, committed 8576K, reserved 1056768K
  class space    used 857K, capacity 880K, committed 896K, reserved 1048576K
Event: 0.541 GC heap after
Heap after GC invocations=8 (full 1):
 PSYoungGen      total 14848K, used 1964K [0x0000000716000000, 0x0000000718100000, 0x00000007c0000000)
  eden space 11776K, 0% used [0x0000000716000000,0x0000000716000000,0x0000000716b80000)
  from space 3072K, 63% used [0x0000000716b80000,0x0000000716d6b030,0x0000000716e80000)
  to   space 5120K, 0% used [0x0000000717c00000,0x0000000717c00000,0x0000000718100000)
 ParOldGen       total 11264K, used 5497K [0x00000005c2000000, 0x00000005c2b00000, 0x0000000716000000)
  object space 11264K, 48% used [0x00000005c2000000,0x00000005c255e7a8,0x00000005c2b00000)
 Metaspace       used 7402K, capacity 8308K, committed 8576K, reserved 1056768K
  class space    used 857K, capacity 880K, committed 896K, reserved 1048576K
}
Event: 0.598 GC heap before
{Heap before GC invocations=9 (full 1):
 PSYoungGen      total 14848K, used 13462K [0x0000000716000000, 0x0000000718100000, 0x00000007c0000000)
  eden space 11776K, 97% used [0x0000000716000000,0x0000000716b3aad0,0x0000000716b80000)
  from space 3072K, 63% used [0x0000000716b80000,0x0000000716d6b030,0x0000000716e80000)
  to   space 5120K, 0% used [0x0000000717c00000,0x0000000717c00000,0x0000000718100000)
 ParOldGen       total 11264K, used 5497K [0x00000005c2000000, 0x00000005c2b00000, 0x0000000716000000)
  object space 11264K, 48% used [0x00000005c2000000,0x00000005c255e7a8,0x00000005c2b00000)
 Metaspace       used 7420K, capacity 8308K, committed 8576K, reserved 1056768K
  class space    used 857K, capacity 880K, committed 896K, reserved 1048576K
Event: 0.601 GC heap after
Heap after GC invocations=9 (full 1):
 PSYoungGen      total 20480K, used 5102K [0x0000000716000000, 0x0000000718100000, 0x00000007c0000000)
  eden space 15360K, 0% used [0x0000000716000000,0x0000000716000000,0x0000000716f00000)
  from space 5120K, 99% used [0x0000000717c00000,0x00000007180fb838,0x0000000718100000)
  to   space 6656K, 0% used [0x0000000717400000,0x0000000717400000,0x0000000717a80000)
 ParOldGen       total 11264K, used 6604K [0x00000005c2000000, 0x00000005c2b00000, 0x0000000716000000)
  object space 11264K, 58% used [0x00000005c2000000,0x00000005c26733d8,0x00000005c2b00000)
 Metaspace       used 7420K, capacity 8308K, committed 8576K, reserved 1056768K
  class space    used 857K, capacity 880K, committed 896K, reserved 1048576K
}
Event: 0.666 GC heap before
{Heap before GC invocations=10 (full 1):
 PSYoungGen      total 20480K, used 20462K [0x0000000716000000, 0x0000000718100000, 0x00000007c0000000)
  eden space 15360K, 100% used [0x0000000716000000,0x0000000716f00000,0x0000000716f00000)
  from space 5120K, 99% used [0x0000000717c00000,0x00000007180fb838,0x0000000718100000)
  to   space 6656K, 0% used [0x0000000717400000,0x0000000717400000,0x0000000717a80000)
 ParOldGen       total 11264K, used 6604K [0x00000005c2000000, 0x00000005c2b00000, 0x0000000716000000)
  object space 11264K, 58% used [0x00000005c2000000,0x00000005c26733d8,0x00000005c2b00000)
 Metaspace       used 7619K, capacity 8468K, committed 8704K, reserved 1056768K
  class space    used 871K, capacity 912K, committed 1024K, reserved 1048576K
Event: 0.672 GC heap after
Heap after GC invocations=10 (full 1):
 PSYoungGen      total 25600K, used 6625K [0x0000000716000000, 0x0000000718380000, 0x00000007c0000000)
  eden space 18944K, 0% used [0x0000000716000000,0x0000000716000000,0x0000000717280000)
  from space 6656K, 99% used [0x0000000717400000,0x0000000717a78428,0x0000000717a80000)
  to   space 8704K, 0% used [0x0000000717b00000,0x0000000717b00000,0x0000000718380000)
 ParOldGen       total 11264K, used 8975K [0x00000005c2000000, 0x00000005c2b00000, 0x0000000716000000)
  object space 11264K, 79% used [0x00000005c2000000,0x00000005c28c3d18,0x00000005c2b00000)
 Metaspace       used 7619K, capacity 8468K, committed 8704K, reserved 1056768K
  class space    used 871K, capacity 912K, committed 1024K, reserved 1048576K
}
Event: 0.672 GC heap before
{Heap before GC invocations=11 (full 2):
 PSYoungGen      total 25600K, used 6625K [0x0000000716000000, 0x0000000718380000, 0x00000007c0000000)
  eden space 18944K, 0% used [0x0000000716000000,0x0000000716000000,0x0000000717280000)
  from space 6656K, 99% used [0x0000000717400000,0x0000000717a78428,0x0000000717a80000)
  to   space 8704K, 0% used [0x0000000717b00000,0x0000000717b00000,0x0000000718380000)
 ParOldGen       total 11264K, used 8975K [0x00000005c2000000, 0x00000005c2b00000, 0x0000000716000000)
  object space 11264K, 79% used [0x00000005c2000000,0x00000005c28c3d18,0x00000005c2b00000)
 Metaspace       used 7619K, capacity 8468K, committed 8704K, reserved 1056768K
  class space    used 871K, capacity 912K, committed 1024K, reserved 1048576K
Event: 0.743 GC heap after
Heap after GC invocations=11 (full 2):
 PSYoungGen      total 25600K, used 3982K [0x0000000716000000, 0x0000000718380000, 0x00000007c0000000)
  eden space 18944K, 0% used [0x0000000716000000,0x0000000716000000,0x0000000717280000)
  from space 6656K, 59% used [0x0000000717400000,0x00000007177e3b68,0x0000000717a80000)
  to   space 8704K, 0% used [0x0000000717b00000,0x0000000717b00000,0x0000000718380000)
 ParOldGen       total 20480K, used 11085K [0x00000005c2000000, 0x00000005c3400000, 0x0000000716000000)
  object space 20480K, 54% used [0x00000005c2000000,0x00000005c2ad36b0,0x00000005c3400000)
 Metaspace       used 7619K, capacity 8468K, committed 8704K, reserved 1056768K
  class space    used 871K, capacity 912K, committed 1024K, reserved 1048576K
}

Deoptimization events (10 events):
Event: 0.376 Thread 0x000000000239e000 Uncommon trap: reason=unstable_if action=reinterpret pc=0x00000000026c68fc method=java.lang.String.<init>([CII)V @ 18
Event: 0.376 Thread 0x000000000239e000 Uncommon trap: reason=unstable_if action=reinterpret pc=0x00000000027897b4 method=java.util.ArrayList.isEmpty()Z @ 4
Event: 0.377 Thread 0x000000000239e000 Uncommon trap: reason=unstable_if action=reinterpret pc=0x0000000002772718 method=com.sun.tools.javac.util.Name$Table.equals([BI[BII)Z @ 22
Event: 0.378 Thread 0x000000000239e000 Uncommon trap: reason=unstable_if action=reinterpret pc=0x0000000002719e90 method=com.sun.tools.javac.parser.UnicodeReader.scanChar()V @ 37
Event: 0.408 Thread 0x000000000239e000 Uncommon trap: reason=class_check action=maybe_recompile pc=0x0000000002786b98 method=com.sun.tools.javac.parser.Scanner.token(I)Lcom/sun/tools/javac/parser/Tokens$Token; @ 26
Event: 0.408 Thread 0x000000000239e000 Uncommon trap: reason=class_check action=maybe_recompile pc=0x00000000027b34c8 method=com.sun.tools.javac.parser.Scanner.nextToken()V @ 31
Event: 0.547 Thread 0x000000000239e000 Uncommon trap: reason=unloaded action=reinterpret pc=0x0000000002885d10 method=com.sun.tools.javac.parser.JavaTokenizer.readToken()Lcom/sun/tools/javac/parser/Tokens$Token; @ 2174
Event: 0.571 Thread 0x000000000239e000 Uncommon trap: reason=unstable_if action=reinterpret pc=0x00000000028b4534 method=com.sun.tools.javac.parser.UnicodeReader.scanCommentChar()V @ 10
Event: 0.602 Thread 0x000000000239e000 Uncommon trap: reason=unstable_if action=reinterpret pc=0x00000000027d5b68 method=com.sun.tools.javac.util.Position$LineMapImpl.build([CI)V @ 102
Event: 0.662 Thread 0x000000000239e000 Uncommon trap: reason=unstable_if action=reinterpret pc=0x000000000279c2f4 method=com.sun.tools.javac.util.ArrayUtils.ensureCapacity([BI)[B @ 3

Classes redefined (0 events):
No events

Internal exceptions (10 events):
Event: 0.021 Thread 0x000000000239e000 Exception <a 'java/lang/NoSuchMethodError': Method sun.misc.Unsafe.defineClass(Ljava/lang/String;[BII)Ljava/lang/Class; name or signature does not match> (0x0000000716007cd8) thrown at [D:\j\worksp~1\openjd~3\jdk8u\hotspot\src\share\vm\prims\jni.cpp, line
Event: 0.021 Thread 0x000000000239e000 Exception <a 'java/lang/NoSuchMethodError': Method sun.misc.Unsafe.prefetchRead(Ljava/lang/Object;J)V name or signature does not match> (0x0000000716007fc0) thrown at [D:\j\worksp~1\openjd~3\jdk8u\hotspot\src\share\vm\prims\jni.cpp, line 4012]
Event: 0.087 Thread 0x000000000239e000 Exception <a 'java/security/PrivilegedActionException'> (0x00000007161752e8) thrown at [D:\j\worksp~1\openjd~3\jdk8u\hotspot\src\share\vm\prims\jvm.cpp, line 1508]
Event: 0.087 Thread 0x000000000239e000 Exception <a 'java/security/PrivilegedActionException'> (0x00000007161756e0) thrown at [D:\j\worksp~1\openjd~3\jdk8u\hotspot\src\share\vm\prims\jvm.cpp, line 1508]
Event: 0.087 Thread 0x000000000239e000 Exception <a 'java/security/PrivilegedActionException'> (0x0000000716179be0) thrown at [D:\j\worksp~1\openjd~3\jdk8u\hotspot\src\share\vm\prims\jvm.cpp, line 1508]
Event: 0.087 Thread 0x000000000239e000 Exception <a 'java/security/PrivilegedActionException'> (0x0000000716179fd8) thrown at [D:\j\worksp~1\openjd~3\jdk8u\hotspot\src\share\vm\prims\jvm.cpp, line 1508]
Event: 0.087 Thread 0x000000000239e000 Exception <a 'java/security/PrivilegedActionException'> (0x000000071617b900) thrown at [D:\j\worksp~1\openjd~3\jdk8u\hotspot\src\share\vm\prims\jvm.cpp, line 1508]
Event: 0.087 Thread 0x000000000239e000 Exception <a 'java/security/PrivilegedActionException'> (0x000000071617bcf8) thrown at [D:\j\worksp~1\openjd~3\jdk8u\hotspot\src\share\vm\prims\jvm.cpp, line 1508]
Event: 0.092 Thread 0x000000000239e000 Exception <a 'java/security/PrivilegedActionException'> (0x00000007160092d0) thrown at [D:\j\worksp~1\openjd~3\jdk8u\hotspot\src\share\vm\prims\jvm.cpp, line 1508]
Event: 0.092 Thread 0x000000000239e000 Exception <a 'java/security/PrivilegedActionException'> (0x00000007160326b0) thrown at [D:\j\worksp~1\openjd~3\jdk8u\hotspot\src\share\vm\prims\jvm.cpp, line 1508]

Events (10 events):
Event: 0.772 Thread 0x000000000239e000 DEOPT PACKING pc=0x0000000002702792 sp=0x000000000234dd60
Event: 0.772 Thread 0x000000000239e000 DEOPT UNPACKING pc=0x00000000025575d0 sp=0x000000000234da70 mode 0
Event: 0.772 loading class com/sun/tools/javac/code/Scope$1
Event: 0.772 loading class com/sun/tools/javac/code/Scope$1 done
Event: 0.775 Thread 0x000000000239e000 DEOPT PACKING pc=0x0000000002702792 sp=0x000000000234dd20
Event: 0.775 Thread 0x000000000239e000 DEOPT UNPACKING pc=0x00000000025575d0 sp=0x000000000234da30 mode 0
Event: 0.779 Thread 0x000000000239e000 DEOPT PACKING pc=0x0000000002702792 sp=0x000000000234dd70
Event: 0.779 Thread 0x000000000239e000 DEOPT UNPACKING pc=0x00000000025575d0 sp=0x000000000234da80 mode 0
Event: 0.781 loading class com/sun/tools/javac/util/Pair
Event: 0.781 loading class com/sun/tools/javac/util/Pair done


Dynamic libraries:
0x00007ff695390000 - 0x00007ff695397000 	C:\Program Files\Android\Jdk\microsoft_dist_openjdk_1.8.0.25\bin\javac.exe
0x00007ff9c30a0000 - 0x00007ff9c3290000 	C:\WINDOWS\SYSTEM32\ntdll.dll
0x00007ff9c23c0000 - 0x00007ff9c2472000 	C:\WINDOWS\System32\KERNEL32.DLL
0x00007ff9c0990000 - 0x00007ff9c0c33000 	C:\WINDOWS\System32\KERNELBASE.dll
0x00007ff9ba7e0000 - 0x00007ff9ba80f000 	C:\Program Files\Android\Jdk\microsoft_dist_openjdk_1.8.0.25\bin\jli.dll
0x0000000063810000 - 0x00000000638e1000 	C:\Program Files\Android\Jdk\microsoft_dist_openjdk_1.8.0.25\bin\MSVCR100.dll
0x00007ff9c2130000 - 0x00007ff9c21d3000 	C:\WINDOWS\System32\ADVAPI32.dll
0x00007ff9c1e90000 - 0x00007ff9c1f2e000 	C:\WINDOWS\System32\msvcrt.dll
0x00007ff9c1150000 - 0x00007ff9c11e7000 	C:\WINDOWS\System32\sechost.dll
0x00007ff9c2290000 - 0x00007ff9c23b0000 	C:\WINDOWS\System32\RPCRT4.dll
0x00007ff9c1f90000 - 0x00007ff9c2124000 	C:\WINDOWS\System32\USER32.dll
0x00007ff9a8bb0000 - 0x00007ff9a8e35000 	C:\WINDOWS\WinSxS\amd64_microsoft.windows.common-controls_6595b64144ccf1df_6.0.18362.778_none_e6c6b761130d4fb8\COMCTL32.dll
0x00007ff9c0c40000 - 0x00007ff9c0c61000 	C:\WINDOWS\System32\win32u.dll
0x00007ff9c12e0000 - 0x00007ff9c1616000 	C:\WINDOWS\System32\combase.dll
0x00007ff9c1870000 - 0x00007ff9c1896000 	C:\WINDOWS\System32\GDI32.dll
0x00007ff9c0090000 - 0x00007ff9c018a000 	C:\WINDOWS\System32\ucrtbase.dll
0x00007ff9c0e80000 - 0x00007ff9c1014000 	C:\WINDOWS\System32\gdi32full.dll
0x00007ff9c10d0000 - 0x00007ff9c1150000 	C:\WINDOWS\System32\bcryptPrimitives.dll
0x00007ff9c0c90000 - 0x00007ff9c0d2e000 	C:\WINDOWS\System32\msvcp_win.dll
0x00007ff9c2260000 - 0x00007ff9c228e000 	C:\WINDOWS\System32\IMM32.DLL
0x0000000064510000 - 0x00000000645e1000 	C:\Program Files\Android\Jdk\microsoft_dist_openjdk_1.8.0.25\jre\bin\msvcr100.dll
0x0000000063cc0000 - 0x0000000064505000 	C:\Program Files\Android\Jdk\microsoft_dist_openjdk_1.8.0.25\jre\bin\server\jvm.dll
0x00007ff9c11f0000 - 0x00007ff9c11f8000 	C:\WINDOWS\System32\PSAPI.DLL
0x00007ff9b81c0000 - 0x00007ff9b81c9000 	C:\WINDOWS\SYSTEM32\WSOCK32.dll
0x00007ff9bdf30000 - 0x00007ff9bdf54000 	C:\WINDOWS\SYSTEM32\WINMM.dll
0x00007ff9c1800000 - 0x00007ff9c186f000 	C:\WINDOWS\System32\WS2_32.dll
0x00007ff9bbfa0000 - 0x00007ff9bbfaa000 	C:\WINDOWS\SYSTEM32\VERSION.dll
0x00007ff9bdbb0000 - 0x00007ff9bdbdd000 	C:\WINDOWS\SYSTEM32\winmmbase.dll
0x00007ff9c0940000 - 0x00007ff9c098a000 	C:\WINDOWS\System32\cfgmgr32.dll
0x00007ff9a8950000 - 0x00007ff9a895f000 	C:\Program Files\Android\Jdk\microsoft_dist_openjdk_1.8.0.25\jre\bin\verify.dll
0x00007ff9a8920000 - 0x00007ff9a8949000 	C:\Program Files\Android\Jdk\microsoft_dist_openjdk_1.8.0.25\jre\bin\java.dll
0x00007ff9a8900000 - 0x00007ff9a8916000 	C:\Program Files\Android\Jdk\microsoft_dist_openjdk_1.8.0.25\jre\bin\zip.dll
0x00007ff9c2640000 - 0x00007ff9c2d25000 	C:\WINDOWS\System32\SHELL32.dll
0x00007ff9c18a0000 - 0x00007ff9c1949000 	C:\WINDOWS\System32\shcore.dll
0x00007ff9c0190000 - 0x00007ff9c0910000 	C:\WINDOWS\System32\windows.storage.dll
0x00007ff9c0000000 - 0x00007ff9c0023000 	C:\WINDOWS\System32\profapi.dll
0x00007ff9bff70000 - 0x00007ff9bffba000 	C:\WINDOWS\System32\powrprof.dll
0x00007ff9bff60000 - 0x00007ff9bff70000 	C:\WINDOWS\System32\UMPDC.dll
0x00007ff9c2ee0000 - 0x00007ff9c2f32000 	C:\WINDOWS\System32\shlwapi.dll
0x00007ff9bffc0000 - 0x00007ff9bffd1000 	C:\WINDOWS\System32\kernel.appcore.dll
0x00007ff9c0c70000 - 0x00007ff9c0c87000 	C:\WINDOWS\System32\cryptsp.dll

VM Arguments:
jvm_args: -Dapplication.home=C:\Program Files\Android\Jdk\microsoft_dist_openjdk_1.8.0.25 -Xms8m -Dfile.encoding=UTF8 
java_command: com.sun.tools.javac.Main @C:\Users\PC\AppData\Local\Temp\tmp975E.tmp
java_class_path (initial): C:\Program Files\Android\Jdk\microsoft_dist_openjdk_1.8.0.25/lib/tools.jar;C:\Program Files\Android\Jdk\microsoft_dist_openjdk_1.8.0.25/classes
Launcher Type: SUN_STANDARD

Environment Variables:
PATH=C:\Program Files\Android\Jdk\microsoft_dist_openjdk_1.8.0.25\bin;C:\WINDOWS\system32;C:\WINDOWS;C:\WINDOWS\System32\Wbem;C:\WINDOWS\System32\WindowsPowerShell\v1.0\;C:\WINDOWS\System32\OpenSSH\;C:\Program Files\dotnet\;C:\Program Files\Microsoft SQL Server\130\Tools\Binn\;C:\Program Files\Microsoft SQL Server\Client SDK\ODBC\170\Tools\Binn\;C:\Program Files (x86)\Microsoft SQL Server\Client SDK\ODBC\130\Tools\Binn\;C:\Program Files (x86)\Microsoft SQL Server\140\Tools\Binn\;C:\Program Files (x86)\Microsoft SQL Server\140\DTS\Binn\;C:\Program Files (x86)\Microsoft SQL Server\140\Tools\Binn\ManagementStudio\;C:\Program Files\mosquitto;C:\Users\PC\AppData\Local\Microsoft\WindowsApps;C:\Users\PC\AppData\Local\GitHubDesktop\bin;C:\Users\PC\.dotnet\tools
USERNAME=PC
OS=Windows_NT
PROCESSOR_IDENTIFIER=Intel64 Family 6 Model 94 Stepping 3, GenuineIntel



---------------  S Y S T E M  ---------------

OS: Windows 10.0 , 64 bit Build 18362 (10.0.18362.778)

CPU:total 8 (initial active 8) (4 cores per cpu, 2 threads per core) family 6 model 94 stepping 3, cmov, cx8, fxsr, mmx, sse, sse2, sse3, ssse3, sse4.1, sse4.2, popcnt, avx, avx2, aes, clmul, erms, rtm, 3dnowpref, lzcnt, ht, tsc, tscinvbit, bmi1, bmi2, adx

Memory: 4k page, physical 33420396k(3313900k free), swap 33420396k(5264k free)

vm_info: OpenJDK 64-Bit Server VM (25.71-b00) for windows-amd64 JRE (1.8.0-25-microsoft-b00), built on Feb  7 2019 20:09:14 by "builder" with MS VC++ 10.0 (VS2010)

time: Fri May 15 09:17:56 2020
timezone: SE Asia Standard Time
elapsed time: 0 seconds (0d 0h 0m 0s)

